<body>
  <query key="TN">
      <doi type="report-paper_title">10.6028/NIST.TN.1255</doi>
      <crm-item name="publisher-name" type="string">National Institute of Standards and Technology (NIST)</crm-item>
      <crm-item name="prefix-name" type="string">National Institute of Standards and Technology</crm-item>
      <crm-item name="member-id" type="number">4068</crm-item>
      <crm-item name="citation-id" type="number">64234690</crm-item>
      <crm-item name="book-id" type="number">1321879</crm-item>
      <crm-item name="deposit-timestamp" type="number">201309130920</crm-item>
      <crm-item name="owner-prefix" type="string">10.6028</crm-item>
      <crm-item name="last-update" type="date">2018-03-06T09:35:33Z</crm-item>
      <crm-item name="created" type="date">2013-09-13T13:37:44Z</crm-item>
      <crm-item name="citedby-count" type="number">0</crm-item>
      <doi_record>
         <report-paper>
            <report-paper_metadata language="en">
               <contributors>
                  <person_name sequence="first" contributor_role="author">
                     <given_name>John C</given_name>
                     <surname>Fiala</surname>
                  </person_name>
               </contributors>
               <titles>
                  <title>Manipulator servo level task decomposition</title>
               </titles>
               <edition_number>0</edition_number>
               <publication_date media_type="online">
                  <year>1988</year>
               </publication_date>
               <publisher>
                  <publisher_name>National Bureau of Standards</publisher_name>
                  <publisher_place>Gaithersburg, MD</publisher_place>
               </publisher>
               <institution>
                  <institution_name>National Bureau of Standards</institution_name>
                  <institution_acronym>NBS</institution_acronym>
                  <institution_place>Gaithersburg, MD</institution_place>
               </institution>
               <publisher_item>
                  <item_number item_number_type="report-number">NBS TN 1255</item_number>
               </publisher_item>
               <doi_data>
                  <doi>10.6028/NIST.TN.1255</doi>
                  <resource>https://nvlpubs.nist.gov/nistpubs/Legacy/TN/nbstechnicalnote1255.pdf</resource>
               </doi_data>
            </report-paper_metadata>
         </report-paper>
      
      </doi_record>
  </query>
  <query key="MP">
      <doi type="report-paper_title">10.6028/NBS.MP.76</doi>
      <crm-item name="publisher-name" type="string">National Institute of Standards and Technology (NIST)</crm-item>
      <crm-item name="prefix-name" type="string">National Institute of Standards and Technology</crm-item>
      <crm-item name="member-id" type="number">4068</crm-item>
      <crm-item name="citation-id" type="number">70320293</crm-item>
      <crm-item name="book-id" type="number">1563968</crm-item>
      <crm-item name="deposit-timestamp" type="number">201408110939</crm-item>
      <crm-item name="owner-prefix" type="string">10.6028</crm-item>
      <crm-item name="last-update" type="date">2018-03-06T09:42:33Z</crm-item>
      <crm-item name="created" type="date">2014-08-11T13:39:59Z</crm-item>
      <crm-item name="citedby-count" type="number">0</crm-item>
      <doi_record>
         <report-paper>
            <report-paper_metadata language="en">
               <contributors>
                  <organization sequence="first" contributor_role="author">National Bureau of Standards</organization>
               </contributors>
               <titles>
                  <title>Mollier chart properties of ammonia</title>
               </titles>
               <edition_number>0</edition_number>
               <publication_date media_type="print">
                  <year>1927</year>
               </publication_date>
               <publisher>
                  <publisher_name>National Institute of Standards and Technology</publisher_name>
                  <publisher_place>Gaithersburg, MD</publisher_place>
               </publisher>
               <institution>
                  <institution_name>National Institute of Standards and Technology</institution_name>
                  <institution_acronym>NIST</institution_acronym>
                  <institution_place>Gaithersburg, MD</institution_place>
               </institution>
               <publisher_item>
                  <item_number item_number_type="report-number">NBS MP 76</item_number>
               </publisher_item>
               <doi_data>
                  <doi>10.6028/NBS.MP.76</doi>
                  <resource>https://nvlpubs.nist.gov/nistpubs/Legacy/MP/nbsmiscellaneouspub76.pdf</resource>
               </doi_data>
            </report-paper_metadata>
         </report-paper>
      
      </doi_record>
  </query>
  <query key="HB">
        <doi type="report-paper_title">10.6028/NBS.HB.130-1979</doi>
        <crm-item name="publisher-name" type="string">National Institute of Standards and Technology (NIST)</crm-item>
        <crm-item name="prefix-name" type="string">National Institute of Standards and Technology</crm-item>
        <crm-item name="member-id" type="number">4068</crm-item>
        <crm-item name="citation-id" type="number">97453442</crm-item>
        <crm-item name="book-id" type="number">3018147</crm-item>
        <crm-item name="deposit-timestamp" type="number">201803270927</crm-item>
        <crm-item name="owner-prefix" type="string">10.6028</crm-item>
        <crm-item name="last-update" type="date">2018-03-27T13:29:47Z</crm-item>
        <crm-item name="created" type="date">2018-03-27T13:05:55Z</crm-item>
        <crm-item name="citedby-count" type="number">0</crm-item>
        <doi_record>
          
            <report-paper>
              <report-paper_metadata>
                <contributors>
                  <organization sequence="first" contributor_role="author">National Bureau of Standards</organization>
                </contributors>
                <titles>
                  <title>Model state laws and regulations</title>
                </titles>
                <publication_date media_type="online">
                  <year>1980</year>
                </publication_date>
                <publisher>
                  <publisher_name>National Bureau of Standards</publisher_name>
                  <publisher_place>Gaithersburg, MD</publisher_place>
                </publisher>
                <institution>
                  <institution_name>National Bureau of Standards</institution_name>
                  <institution_acronym>NBS</institution_acronym>
                  <institution_place>Gaithersburg, MD</institution_place>
                </institution>
                <publisher_item>
                  <item_number item_number_type="report-number">NBS HB 130-1979</item_number>
                </publisher_item>
                <fr:program xmlns:fr="http://www.crossref.org/fundref.xsd" name="fundref">
                  <fr:assertion name="funder_name">
                    <fr:assertion name="funder_identifier">http://dx.doi.org/10.13039/error:</fr:assertion>
                  </fr:assertion>
                </fr:program>
                <doi_data>
                  <doi>10.6028/NBS.HB.130-1979</doi>
                  <resource>https://nvlpubs.nist.gov/nistpubs/Legacy/HB/1980/NBS.HB.130-1979.pdf</resource>
                </doi_data>
              </report-paper_metadata>
            </report-paper>
          
        </doi_record>
      </query>
      <query key="HB">
        <doi type="report-paper_title">10.6028/NBS.HB.130-1982</doi>
        <crm-item name="publisher-name" type="string">National Institute of Standards and Technology (NIST)</crm-item>
        <crm-item name="prefix-name" type="string">National Institute of Standards and Technology</crm-item>
        <crm-item name="member-id" type="number">4068</crm-item>
        <crm-item name="citation-id" type="number">97453443</crm-item>
        <crm-item name="book-id" type="number">3018147</crm-item>
        <crm-item name="deposit-timestamp" type="number">201803270927</crm-item>
        <crm-item name="owner-prefix" type="string">10.6028</crm-item>
        <crm-item name="last-update" type="date">2018-03-27T13:29:47Z</crm-item>
        <crm-item name="created" type="date">2018-03-27T13:05:55Z</crm-item>
        <crm-item name="citedby-count" type="number">0</crm-item>
        <doi_record>
          
            <report-paper>
              <report-paper_metadata>
                <contributors>
                  <organization sequence="first" contributor_role="author">National Bureau of Standards</organization>
                </contributors>
                <titles>
                  <title>Model state laws and regulations</title>
                </titles>
                <publication_date media_type="online">
                  <year>1981</year>
                </publication_date>
                <publisher>
                  <publisher_name>National Bureau of Standards</publisher_name>
                  <publisher_place>Gaithersburg, MD</publisher_place>
                </publisher>
                <institution>
                  <institution_name>National Bureau of Standards</institution_name>
                  <institution_acronym>NBS</institution_acronym>
                  <institution_place>Gaithersburg, MD</institution_place>
                </institution>
                <publisher_item>
                  <item_number item_number_type="report-number">NBS HB 130-1982</item_number>
                </publisher_item>
                <fr:program xmlns:fr="http://www.crossref.org/fundref.xsd" name="fundref">
                  <fr:assertion name="funder_name">
                    <fr:assertion name="funder_identifier">http://dx.doi.org/10.13039/error:</fr:assertion>
                  </fr:assertion>
                </fr:program>
                <doi_data>
                  <doi>10.6028/NBS.HB.130-1982</doi>
                  <resource>https://nvlpubs.nist.gov/nistpubs/Legacy/HB/1981/NBS.HB.130-1982.pdf</resource>
                </doi_data>
              </report-paper_metadata>
            </report-paper>
          
        </doi_record>
      </query>
      <query key="HB">
        <doi type="report-paper_title">10.6028/NBS.HB.130-1983</doi>
        <crm-item name="publisher-name" type="string">National Institute of Standards and Technology (NIST)</crm-item>
        <crm-item name="prefix-name" type="string">National Institute of Standards and Technology</crm-item>
        <crm-item name="member-id" type="number">4068</crm-item>
        <crm-item name="citation-id" type="number">97453446</crm-item>
        <crm-item name="book-id" type="number">3018147</crm-item>
        <crm-item name="deposit-timestamp" type="number">201803270927</crm-item>
        <crm-item name="owner-prefix" type="string">10.6028</crm-item>
        <crm-item name="last-update" type="date">2018-03-27T13:29:48Z</crm-item>
        <crm-item name="created" type="date">2018-03-27T13:05:55Z</crm-item>
        <crm-item name="citedby-count" type="number">0</crm-item>
        <doi_record>
          
            <report-paper>
              <report-paper_metadata>
                <contributors>
                  <organization sequence="first" contributor_role="author">National Bureau of Standards</organization>
                </contributors>
                <titles>
                  <title>Model state laws and regulations</title>
                </titles>
                <publication_date media_type="online">
                  <year>1982</year>
                </publication_date>
                <publisher>
                  <publisher_name>National Bureau of Standards</publisher_name>
                  <publisher_place>Gaithersburg, MD</publisher_place>
                </publisher>
                <institution>
                  <institution_name>National Bureau of Standards</institution_name>
                  <institution_acronym>NBS</institution_acronym>
                  <institution_place>Gaithersburg, MD</institution_place>
                </institution>
                <publisher_item>
                  <item_number item_number_type="report-number">NBS HB 130-1983</item_number>
                </publisher_item>
                <fr:program xmlns:fr="http://www.crossref.org/fundref.xsd" name="fundref">
                  <fr:assertion name="funder_name">
                    <fr:assertion name="funder_identifier">http://dx.doi.org/10.13039/error:</fr:assertion>
                  </fr:assertion>
                </fr:program>
                <doi_data>
                  <doi>10.6028/NBS.HB.130-1983</doi>
                  <resource>https://nvlpubs.nist.gov/nistpubs/Legacy/HB/1982/NBS.HB.130-1983.pdf</resource>
                </doi_data>
              </report-paper_metadata>
            </report-paper>
          
        </doi_record>
      </query>
      <query key="HB">
        <doi type="report-paper_title">10.6028/NBS.HB.130-1984</doi>
        <crm-item name="publisher-name" type="string">National Institute of Standards and Technology (NIST)</crm-item>
        <crm-item name="prefix-name" type="string">National Institute of Standards and Technology</crm-item>
        <crm-item name="member-id" type="number">4068</crm-item>
        <crm-item name="citation-id" type="number">97453447</crm-item>
        <crm-item name="book-id" type="number">3018148</crm-item>
        <crm-item name="deposit-timestamp" type="number">201803270927</crm-item>
        <crm-item name="owner-prefix" type="string">10.6028</crm-item>
        <crm-item name="last-update" type="date">2018-03-27T13:29:48Z</crm-item>
        <crm-item name="created" type="date">2018-03-27T13:05:55Z</crm-item>
        <crm-item name="citedby-count" type="number">0</crm-item>
        <doi_record>
          
            <report-paper>
              <report-paper_metadata>
                <contributors>
                  <organization sequence="first" contributor_role="author">National Conference on Weights and Measures</organization>
                </contributors>
                <titles>
                  <title>Uniform laws and regulations</title>
                </titles>
                <publication_date media_type="online">
                  <year>1983</year>
                </publication_date>
                <publisher>
                  <publisher_name>National Bureau of Standards</publisher_name>
                  <publisher_place>Gaithersburg, MD</publisher_place>
                </publisher>
                <institution>
                  <institution_name>National Bureau of Standards</institution_name>
                  <institution_acronym>NBS</institution_acronym>
                  <institution_place>Gaithersburg, MD</institution_place>
                </institution>
                <publisher_item>
                  <item_number item_number_type="report-number">NBS HB 130-1984</item_number>
                </publisher_item>
                <fr:program xmlns:fr="http://www.crossref.org/fundref.xsd" name="fundref">
                  <fr:assertion name="funder_name">
                    <fr:assertion name="funder_identifier">http://dx.doi.org/10.13039/error:</fr:assertion>
                  </fr:assertion>
                </fr:program>
                <doi_data>
                  <doi>10.6028/NBS.HB.130-1984</doi>
                  <resource>https://nvlpubs.nist.gov/nistpubs/Legacy/HB/1983/NBS.HB.130-1984.pdf</resource>
                </doi_data>
              </report-paper_metadata>
            </report-paper>
          
        </doi_record>
      </query>
      <query key="HB">
        <doi type="report-paper_title">10.6028/NBS.HB.130-1985</doi>
        <crm-item name="publisher-name" type="string">National Institute of Standards and Technology (NIST)</crm-item>
        <crm-item name="prefix-name" type="string">National Institute of Standards and Technology</crm-item>
        <crm-item name="member-id" type="number">4068</crm-item>
        <crm-item name="citation-id" type="number">97453448</crm-item>
        <crm-item name="book-id" type="number">3018148</crm-item>
        <crm-item name="deposit-timestamp" type="number">201803270927</crm-item>
        <crm-item name="owner-prefix" type="string">10.6028</crm-item>
        <crm-item name="last-update" type="date">2018-03-27T13:29:49Z</crm-item>
        <crm-item name="created" type="date">2018-03-27T13:05:55Z</crm-item>
        <crm-item name="citedby-count" type="number">0</crm-item>
        <doi_record>
          
            <report-paper>
              <report-paper_metadata>
                <contributors>
                  <organization sequence="first" contributor_role="author">National Conference on Weights and Measures</organization>
                </contributors>
                <titles>
                  <title>Uniform laws and regulations</title>
                </titles>
                <publication_date media_type="online">
                  <year>1984</year>
                </publication_date>
                <publisher>
                  <publisher_name>National Bureau of Standards</publisher_name>
                  <publisher_place>Gaithersburg, MD</publisher_place>
                </publisher>
                <institution>
                  <institution_name>National Bureau of Standards</institution_name>
                  <institution_acronym>NBS</institution_acronym>
                  <institution_place>Gaithersburg, MD</institution_place>
                </institution>
                <publisher_item>
                  <item_number item_number_type="report-number">NBS HB 130-1985</item_number>
                </publisher_item>
                <fr:program xmlns:fr="http://www.crossref.org/fundref.xsd" name="fundref">
                  <fr:assertion name="funder_name">
                    <fr:assertion name="funder_identifier">http://dx.doi.org/10.13039/error:</fr:assertion>
                  </fr:assertion>
                </fr:program>
                <doi_data>
                  <doi>10.6028/NBS.HB.130-1985</doi>
                  <resource>https://nvlpubs.nist.gov/nistpubs/Legacy/HB/1984/NBS.HB.130-1985.pdf</resource>
                </doi_data>
              </report-paper_metadata>
            </report-paper>
          
        </doi_record>
      </query>
      <query key="HB">
        <doi type="report-paper_title">10.6028/NBS.HB.130-1986</doi>
        <crm-item name="publisher-name" type="string">National Institute of Standards and Technology (NIST)</crm-item>
        <crm-item name="prefix-name" type="string">National Institute of Standards and Technology</crm-item>
        <crm-item name="member-id" type="number">4068</crm-item>
        <crm-item name="citation-id" type="number">97453604</crm-item>
        <crm-item name="book-id" type="number">3018148</crm-item>
        <crm-item name="deposit-timestamp" type="number">201803270927</crm-item>
        <crm-item name="owner-prefix" type="string">10.6028</crm-item>
        <crm-item name="last-update" type="date">2018-03-27T13:30:50Z</crm-item>
        <crm-item name="created" type="date">2018-03-27T13:05:55Z</crm-item>
        <crm-item name="citedby-count" type="number">0</crm-item>
        <doi_record>
          
            <report-paper>
              <report-paper_metadata>
                <contributors>
                  <person_name sequence="first" contributor_role="author">
                    <given_name>C S</given_name>
                    <surname>Brickenkamp</surname>
                  </person_name>
                </contributors>
                <titles>
                  <title>Uniform laws and regulations</title>
                </titles>
                <publication_date media_type="online">
                  <year>1985</year>
                </publication_date>
                <publisher>
                  <publisher_name>National Bureau of Standards</publisher_name>
                  <publisher_place>Gaithersburg, MD</publisher_place>
                </publisher>
                <institution>
                  <institution_name>National Bureau of Standards</institution_name>
                  <institution_acronym>NBS</institution_acronym>
                  <institution_place>Gaithersburg, MD</institution_place>
                </institution>
                <publisher_item>
                  <item_number item_number_type="report-number">NBS HB 130-1986</item_number>
                </publisher_item>
                <fr:program xmlns:fr="http://www.crossref.org/fundref.xsd" name="fundref">
                  <fr:assertion name="funder_name">
                    <fr:assertion name="funder_identifier">http://dx.doi.org/10.13039/error:</fr:assertion>
                  </fr:assertion>
                </fr:program>
                <doi_data>
                  <doi>10.6028/NBS.HB.130-1986</doi>
                  <resource>https://nvlpubs.nist.gov/nistpubs/Legacy/HB/1985/NBS.HB.130-1986.pdf</resource>
                </doi_data>
              </report-paper_metadata>
            </report-paper>
          
        </doi_record>
      </query>
      <query key="HB">
        <doi type="report-paper_title">10.6028/NBS.HB.130-1987</doi>
        <crm-item name="publisher-name" type="string">National Institute of Standards and Technology (NIST)</crm-item>
        <crm-item name="prefix-name" type="string">National Institute of Standards and Technology</crm-item>
        <crm-item name="member-id" type="number">4068</crm-item>
        <crm-item name="citation-id" type="number">97453605</crm-item>
        <crm-item name="book-id" type="number">3018148</crm-item>
        <crm-item name="deposit-timestamp" type="number">201803270927</crm-item>
        <crm-item name="owner-prefix" type="string">10.6028</crm-item>
        <crm-item name="last-update" type="date">2018-03-27T13:30:50Z</crm-item>
        <crm-item name="created" type="date">2018-03-27T13:05:55Z</crm-item>
        <crm-item name="citedby-count" type="number">0</crm-item>
        <doi_record>
          
            <report-paper>
              <report-paper_metadata>
                <contributors>
                  <person_name sequence="first" contributor_role="author">
                    <given_name>C S</given_name>
                    <surname>Brickenkamp</surname>
                  </person_name>
                </contributors>
                <titles>
                  <title>Uniform laws and regulations</title>
                </titles>
                <publication_date media_type="online">
                  <year>1986</year>
                </publication_date>
                <publisher>
                  <publisher_name>National Bureau of Standards</publisher_name>
                  <publisher_place>Gaithersburg, MD</publisher_place>
                </publisher>
                <institution>
                  <institution_name>National Bureau of Standards</institution_name>
                  <institution_acronym>NBS</institution_acronym>
                  <institution_place>Gaithersburg, MD</institution_place>
                </institution>
                <publisher_item>
                  <item_number item_number_type="report-number">NBS HB 130-1987</item_number>
                </publisher_item>
                <fr:program xmlns:fr="http://www.crossref.org/fundref.xsd" name="fundref">
                  <fr:assertion name="funder_name">
                    <fr:assertion name="funder_identifier">http://dx.doi.org/10.13039/error:</fr:assertion>
                  </fr:assertion>
                </fr:program>
                <doi_data>
                  <doi>10.6028/NBS.HB.130-1987</doi>
                  <resource>https://nvlpubs.nist.gov/nistpubs/Legacy/HB/1986/NBS.HB.130-1987.pdf</resource>
                </doi_data>
              </report-paper_metadata>
            </report-paper>
          
        </doi_record>
      </query>
      <query key="HB">
        <doi type="report-paper_title">10.6028/NBS.HB.130-1988</doi>
        <crm-item name="publisher-name" type="string">National Institute of Standards and Technology (NIST)</crm-item>
        <crm-item name="prefix-name" type="string">National Institute of Standards and Technology</crm-item>
        <crm-item name="member-id" type="number">4068</crm-item>
        <crm-item name="citation-id" type="number">97453606</crm-item>
        <crm-item name="book-id" type="number">3018148</crm-item>
        <crm-item name="deposit-timestamp" type="number">201803270927</crm-item>
        <crm-item name="owner-prefix" type="string">10.6028</crm-item>
        <crm-item name="last-update" type="date">2018-03-27T13:30:50Z</crm-item>
        <crm-item name="created" type="date">2018-03-27T13:05:55Z</crm-item>
        <crm-item name="citedby-count" type="number">0</crm-item>
        <doi_record>
          
            <report-paper>
              <report-paper_metadata>
                <contributors>
                  <person_name sequence="first" contributor_role="author">
                    <given_name>C S</given_name>
                    <surname>Brickenkamp</surname>
                  </person_name>
                </contributors>
                <titles>
                  <title>Uniform laws and regulations</title>
                </titles>
                <publication_date media_type="online">
                  <year>1987</year>
                </publication_date>
                <publisher>
                  <publisher_name>National Bureau of Standards</publisher_name>
                  <publisher_place>Gaithersburg, MD</publisher_place>
                </publisher>
                <institution>
                  <institution_name>National Bureau of Standards</institution_name>
                  <institution_acronym>NBS</institution_acronym>
                  <institution_place>Gaithersburg, MD</institution_place>
                </institution>
                <publisher_item>
                  <item_number item_number_type="report-number">NBS HB 130-1988</item_number>
                </publisher_item>
                <fr:program xmlns:fr="http://www.crossref.org/fundref.xsd" name="fundref">
                  <fr:assertion name="funder_name">
                    <fr:assertion name="funder_identifier">http://dx.doi.org/10.13039/error:</fr:assertion>
                  </fr:assertion>
                </fr:program>
                <doi_data>
                  <doi>10.6028/NBS.HB.130-1988</doi>
                  <resource>https://nvlpubs.nist.gov/nistpubs/Legacy/HB/1987/NBS.HB.130-1988.pdf</resource>
                </doi_data>
              </report-paper_metadata>
            </report-paper>
          
        </doi_record>
      </query>
      <query key="HB">
        <doi type="report-paper_title">10.6028/NBS.HB.131</doi>
        <crm-item name="publisher-name" type="string">National Institute of Standards and Technology (NIST)</crm-item>
        <crm-item name="prefix-name" type="string">National Institute of Standards and Technology</crm-item>
        <crm-item name="member-id" type="number">4068</crm-item>
        <crm-item name="citation-id" type="number">97453701</crm-item>
        <crm-item name="book-id" type="number">3018271</crm-item>
        <crm-item name="deposit-timestamp" type="number">201803270927</crm-item>
        <crm-item name="owner-prefix" type="string">10.6028</crm-item>
        <crm-item name="last-update" type="date">2018-03-27T13:31:31Z</crm-item>
        <crm-item name="created" type="date">2018-03-27T13:05:55Z</crm-item>
        <crm-item name="citedby-count" type="number">0</crm-item>
        <doi_record>
          
            <report-paper>
              <report-paper_metadata>
                <contributors>
                  <person_name sequence="first" contributor_role="author">
                    <given_name>Gordon</given_name>
                    <surname>Lyon</surname>
                  </person_name>
                  <person_name sequence="additional" contributor_role="author">
                    <given_name>Fraces E</given_name>
                    <surname>Holberton</surname>
                  </person_name>
                  <person_name sequence="additional" contributor_role="author">
                    <given_name>J</given_name>
                    <surname>Larmouth</surname>
                  </person_name>
                  <person_name sequence="additional" contributor_role="author">
                    <given_name>M D</given_name>
                    <surname>McIlroy</surname>
                  </person_name>
                </contributors>
                <titles>
                  <title>Using ANS FOTRAN</title>
                </titles>
                <publication_date media_type="online">
                  <year>1980</year>
                </publication_date>
                <publisher>
                  <publisher_name>National Bureau of Standards</publisher_name>
                  <publisher_place>Gaithersburg, MD</publisher_place>
                </publisher>
                <institution>
                  <institution_name>National Bureau of Standards</institution_name>
                  <institution_acronym>NBS</institution_acronym>
                  <institution_place>Gaithersburg, MD</institution_place>
                </institution>
                <publisher_item>
                  <item_number item_number_type="report-number">NBS HB 131</item_number>
                </publisher_item>
                <fr:program xmlns:fr="http://www.crossref.org/fundref.xsd" name="fundref">
                  <fr:assertion name="funder_name">
                    <fr:assertion name="funder_identifier">http://dx.doi.org/10.13039/error:</fr:assertion>
                  </fr:assertion>
                </fr:program>
                <doi_data>
                  <doi>10.6028/NBS.HB.131</doi>
                  <resource>https://nvlpubs.nist.gov/nistpubs/Legacy/HB/1980/NBS.HB.131.pdf</resource>
                </doi_data>
              </report-paper_metadata>
            </report-paper>
          
        </doi_record>
      </query>
      <query key="HB">
        <doi type="report-paper_title">10.6028/NBS.HB.132</doi>
        <crm-item name="publisher-name" type="string">National Institute of Standards and Technology (NIST)</crm-item>
        <crm-item name="prefix-name" type="string">National Institute of Standards and Technology</crm-item>
        <crm-item name="member-id" type="number">4068</crm-item>
        <crm-item name="citation-id" type="number">97453705</crm-item>
        <crm-item name="book-id" type="number">3018274</crm-item>
        <crm-item name="deposit-timestamp" type="number">201803270927</crm-item>
        <crm-item name="owner-prefix" type="string">10.6028</crm-item>
        <crm-item name="last-update" type="date">2018-03-27T13:31:34Z</crm-item>
        <crm-item name="created" type="date">2018-03-27T13:05:55Z</crm-item>
        <crm-item name="citedby-count" type="number">0</crm-item>
        <doi_record>
          
            <report-paper>
              <report-paper_metadata>
                <contributors>
                  <person_name sequence="first" contributor_role="author">
                    <given_name>Harold E</given_name>
                    <surname>Marshall</surname>
                  </person_name>
                  <person_name sequence="additional" contributor_role="author">
                    <given_name>Rosalie T</given_name>
                    <surname>Ruegg</surname>
                  </person_name>
                </contributors>
                <titles>
                  <title>Energy conservation in buildings: an economics guidebook for investment decisions</title>
                </titles>
                <publication_date media_type="online">
                  <year>1980</year>
                </publication_date>
                <publisher>
                  <publisher_name>National Bureau of Standards</publisher_name>
                  <publisher_place>Gaithersburg, MD</publisher_place>
                </publisher>
                <institution>
                  <institution_name>National Bureau of Standards</institution_name>
                  <institution_acronym>NBS</institution_acronym>
                  <institution_place>Gaithersburg, MD</institution_place>
                </institution>
                <publisher_item>
                  <item_number item_number_type="report-number">NBS HB 132</item_number>
                </publisher_item>
                <fr:program xmlns:fr="http://www.crossref.org/fundref.xsd" name="fundref">
                  <fr:assertion name="funder_name">
                    <fr:assertion name="funder_identifier">http://dx.doi.org/10.13039/error:</fr:assertion>
                  </fr:assertion>
                </fr:program>
                <doi_data>
                  <doi>10.6028/NBS.HB.132</doi>
                  <resource>https://nvlpubs.nist.gov/nistpubs/Legacy/HB/1980/NBS.HB.132.pdf</resource>
                </doi_data>
              </report-paper_metadata>
            </report-paper>
          
        </doi_record>
      </query>
      <query key="HB">
        <doi type="report-paper_title">10.6028/NBS.HB.133</doi>
        <crm-item name="publisher-name" type="string">National Institute of Standards and Technology (NIST)</crm-item>
        <crm-item name="prefix-name" type="string">National Institute of Standards and Technology</crm-item>
        <crm-item name="member-id" type="number">4068</crm-item>
        <crm-item name="citation-id" type="number">97453607</crm-item>
        <crm-item name="book-id" type="number">2637047</crm-item>
        <crm-item name="deposit-timestamp" type="number">201803270927</crm-item>
        <crm-item name="owner-prefix" type="string">10.6028</crm-item>
        <crm-item name="last-update" type="date">2018-03-27T13:30:51Z</crm-item>
        <crm-item name="created" type="date">2018-03-27T13:05:55Z</crm-item>
        <crm-item name="citedby-count" type="number">0</crm-item>
        <doi_record>
          
            <report-paper>
              <report-paper_metadata>
                <contributors>
                  <person_name sequence="first" contributor_role="author">
                    <given_name>C S</given_name>
                    <surname>Brickenkamp</surname>
                  </person_name>
                  <person_name sequence="additional" contributor_role="author">
                    <given_name>S</given_name>
                    <surname>Hasko</surname>
                  </person_name>
                  <person_name sequence="additional" contributor_role="author">
                    <given_name>M G</given_name>
                    <surname>Natrella</surname>
                  </person_name>
                </contributors>
                <titles>
                  <title>Checking the net contents of packaged goods</title>
                </titles>
                <publication_date media_type="online">
                  <year>1981</year>
                </publication_date>
                <publisher>
                  <publisher_name>National Bureau of Standards</publisher_name>
                  <publisher_place>Gaithersburg, MD</publisher_place>
                </publisher>
                <institution>
                  <institution_name>National Bureau of Standards</institution_name>
                  <institution_acronym>NBS</institution_acronym>
                  <institution_place>Gaithersburg, MD</institution_place>
                </institution>
                <publisher_item>
                  <item_number item_number_type="report-number">NBS HB 133</item_number>
                </publisher_item>
                <fr:program xmlns:fr="http://www.crossref.org/fundref.xsd" name="fundref">
                  <fr:assertion name="funder_name">
                    <fr:assertion name="funder_identifier">http://dx.doi.org/10.13039/error:</fr:assertion>
                  </fr:assertion>
                </fr:program>
                <doi_data>
                  <doi>10.6028/NBS.HB.133</doi>
                  <resource>https://nvlpubs.nist.gov/nistpubs/Legacy/HB/1981/NBS.HB.133.pdf</resource>
                </doi_data>
              </report-paper_metadata>
            </report-paper>
          
        </doi_record>
      </query>
      <query key="HB">
        <doi type="report-paper_title">10.6028/NBS.HB.133e2</doi>
        <crm-item name="publisher-name" type="string">National Institute of Standards and Technology (NIST)</crm-item>
        <crm-item name="prefix-name" type="string">National Institute of Standards and Technology</crm-item>
        <crm-item name="member-id" type="number">4068</crm-item>
        <crm-item name="citation-id" type="number">97453608</crm-item>
        <crm-item name="book-id" type="number">2637047</crm-item>
        <crm-item name="deposit-timestamp" type="number">201803270927</crm-item>
        <crm-item name="owner-prefix" type="string">10.6028</crm-item>
        <crm-item name="last-update" type="date">2018-03-27T13:30:52Z</crm-item>
        <crm-item name="created" type="date">2018-03-27T13:05:55Z</crm-item>
        <crm-item name="citedby-count" type="number">0</crm-item>
        <doi_record>
          
            <report-paper>
              <report-paper_metadata>
                <contributors>
                  <person_name sequence="first" contributor_role="author">
                    <given_name>C S</given_name>
                    <surname>Brickenkamp</surname>
                  </person_name>
                  <person_name sequence="additional" contributor_role="author">
                    <given_name>S</given_name>
                    <surname>Hasko</surname>
                  </person_name>
                  <person_name sequence="additional" contributor_role="author">
                    <given_name>M G</given_name>
                    <surname>Natrella</surname>
                  </person_name>
                </contributors>
                <titles>
                  <title>Checking the net contents of packaged goods</title>
                </titles>
                <publication_date media_type="online">
                  <year>1984</year>
                </publication_date>
                <publisher>
                  <publisher_name>National Bureau of Standards</publisher_name>
                  <publisher_place>Gaithersburg, MD</publisher_place>
                </publisher>
                <institution>
                  <institution_name>National Bureau of Standards</institution_name>
                  <institution_acronym>NBS</institution_acronym>
                  <institution_place>Gaithersburg, MD</institution_place>
                </institution>
                <publisher_item>
                  <item_number item_number_type="report-number">NBS HB 133e2</item_number>
                </publisher_item>
                <fr:program xmlns:fr="http://www.crossref.org/fundref.xsd" name="fundref">
                  <fr:assertion name="funder_name">
                    <fr:assertion name="funder_identifier">http://dx.doi.org/10.13039/error:</fr:assertion>
                  </fr:assertion>
                </fr:program>
                <doi_data>
                  <doi>10.6028/NBS.HB.133e2</doi>
                  <resource>https://nvlpubs.nist.gov/nistpubs/Legacy/HB/1984/NBS.HB.133e2.pdf</resource>
                </doi_data>
              </report-paper_metadata>
            </report-paper>
          
        </doi_record>
      </query>
      <query key="HB">
        <doi type="report-paper_title">10.6028/NBS.HB.134</doi>
        <crm-item name="publisher-name" type="string">National Institute of Standards and Technology (NIST)</crm-item>
        <crm-item name="prefix-name" type="string">National Institute of Standards and Technology</crm-item>
        <crm-item name="member-id" type="number">4068</crm-item>
        <crm-item name="citation-id" type="number">97453602</crm-item>
        <crm-item name="book-id" type="number">3018222</crm-item>
        <crm-item name="deposit-timestamp" type="number">201803270927</crm-item>
        <crm-item name="owner-prefix" type="string">10.6028</crm-item>
        <crm-item name="last-update" type="date">2018-03-27T13:30:49Z</crm-item>
        <crm-item name="created" type="date">2018-03-27T13:05:55Z</crm-item>
        <crm-item name="citedby-count" type="number">0</crm-item>
        <doi_record>
          
            <report-paper>
              <report-paper_metadata>
                <contributors>
                  <person_name sequence="first" contributor_role="author">
                    <given_name>Francis L</given_name>
                    <surname>Brannigan</surname>
                  </person_name>
                  <person_name sequence="additional" contributor_role="author">
                    <given_name>Richard G</given_name>
                    <surname>Bright</surname>
                  </person_name>
                  <person_name sequence="additional" contributor_role="author">
                    <given_name>Nora H</given_name>
                    <surname>Jason</surname>
                  </person_name>
                </contributors>
                <titles>
                  <title>Fire investigation handbook</title>
                </titles>
                <publication_date media_type="online">
                  <year>1980</year>
                </publication_date>
                <publisher>
                  <publisher_name>National Bureau of Standards</publisher_name>
                  <publisher_place>Gaithersburg, MD</publisher_place>
                </publisher>
                <institution>
                  <institution_name>National Bureau of Standards</institution_name>
                  <institution_acronym>NBS</institution_acronym>
                  <institution_place>Gaithersburg, MD</institution_place>
                </institution>
                <publisher_item>
                  <item_number item_number_type="report-number">NBS HB 134</item_number>
                </publisher_item>
                <fr:program xmlns:fr="http://www.crossref.org/fundref.xsd" name="fundref">
                  <fr:assertion name="funder_name">
                    <fr:assertion name="funder_identifier">http://dx.doi.org/10.13039/error:</fr:assertion>
                  </fr:assertion>
                </fr:program>
                <doi_data>
                  <doi>10.6028/NBS.HB.134</doi>
                  <resource>https://nvlpubs.nist.gov/nistpubs/Legacy/HB/1980/NBS.HB.134.pdf</resource>
                </doi_data>
              </report-paper_metadata>
            </report-paper>
          
        </doi_record>
      </query>
      <query key="HB">
        <doi type="report-paper_title">10.6028/NBS.HB.135</doi>
        <crm-item name="publisher-name" type="string">National Institute of Standards and Technology (NIST)</crm-item>
        <crm-item name="prefix-name" type="string">National Institute of Standards and Technology</crm-item>
        <crm-item name="member-id" type="number">4068</crm-item>
        <crm-item name="citation-id" type="number">97453736</crm-item>
        <crm-item name="book-id" type="number">3018288</crm-item>
        <crm-item name="deposit-timestamp" type="number">201803270927</crm-item>
        <crm-item name="owner-prefix" type="string">10.6028</crm-item>
        <crm-item name="last-update" type="date">2018-03-27T13:31:42Z</crm-item>
        <crm-item name="created" type="date">2018-03-27T13:05:55Z</crm-item>
        <crm-item name="citedby-count" type="number">0</crm-item>
        <doi_record>
          
            <report-paper>
              <report-paper_metadata>
                <contributors>
                  <person_name sequence="first" contributor_role="author">
                    <given_name>Rosalie T</given_name>
                    <surname>Ruegg</surname>
                  </person_name>
                </contributors>
                <titles>
                  <title>Life-cycle costing manual for the federal energy management programs: a guide for evaluating the cost effectiveness of energy conservation and renewable energy projects for new and existing federally owned and leased buildings and facilities</title>
                </titles>
                <publication_date media_type="online">
                  <year>1980</year>
                </publication_date>
                <publisher>
                  <publisher_name>National Bureau of Standards</publisher_name>
                  <publisher_place>Gaithersburg, MD</publisher_place>
                </publisher>
                <institution>
                  <institution_name>National Bureau of Standards</institution_name>
                  <institution_acronym>NBS</institution_acronym>
                  <institution_place>Gaithersburg, MD</institution_place>
                </institution>
                <publisher_item>
                  <item_number item_number_type="report-number">NBS HB 135</item_number>
                </publisher_item>
                <fr:program xmlns:fr="http://www.crossref.org/fundref.xsd" name="fundref">
                  <fr:assertion name="funder_name">
                    <fr:assertion name="funder_identifier">http://dx.doi.org/10.13039/error:</fr:assertion>
                  </fr:assertion>
                </fr:program>
                <doi_data>
                  <doi>10.6028/NBS.HB.135</doi>
                  <resource>https://nvlpubs.nist.gov/nistpubs/Legacy/HB/1980/NBS.HB.135.pdf</resource>
                </doi_data>
              </report-paper_metadata>
            </report-paper>
          
        </doi_record>
      </query>
      <query key="HB">
        <doi type="report-paper_title">10.6028/NBS.HB.135r1987</doi>
        <crm-item name="publisher-name" type="string">National Institute of Standards and Technology (NIST)</crm-item>
        <crm-item name="prefix-name" type="string">National Institute of Standards and Technology</crm-item>
        <crm-item name="member-id" type="number">4068</crm-item>
        <crm-item name="citation-id" type="number">97453738</crm-item>
        <crm-item name="book-id" type="number">3018288</crm-item>
        <crm-item name="deposit-timestamp" type="number">201803270927</crm-item>
        <crm-item name="owner-prefix" type="string">10.6028</crm-item>
        <crm-item name="last-update" type="date">2018-03-27T13:31:43Z</crm-item>
        <crm-item name="created" type="date">2018-03-27T13:05:55Z</crm-item>
        <crm-item name="citedby-count" type="number">0</crm-item>
        <doi_record>
          
            <report-paper>
              <report-paper_metadata>
                <contributors>
                  <person_name sequence="first" contributor_role="author">
                    <given_name>Rosalie T</given_name>
                    <surname>Ruegg</surname>
                  </person_name>
                </contributors>
                <titles>
                  <title>Life-cycle costing manual for the federal energy management programs: a guide for evaluating the cost effectiveness of energy conservation and renewable energy projects for new and existing federally owned and leased buildings and facilities</title>
                </titles>
                <publication_date media_type="online">
                  <year>1987</year>
                </publication_date>
                <publisher>
                  <publisher_name>National Bureau of Standards</publisher_name>
                  <publisher_place>Gaithersburg, MD</publisher_place>
                </publisher>
                <institution>
                  <institution_name>National Bureau of Standards</institution_name>
                  <institution_acronym>NBS</institution_acronym>
                  <institution_place>Gaithersburg, MD</institution_place>
                </institution>
                <publisher_item>
                  <item_number item_number_type="report-number">NBS HB 135r1987</item_number>
                </publisher_item>
                <fr:program xmlns:fr="http://www.crossref.org/fundref.xsd" name="fundref">
                  <fr:assertion name="funder_name">
                    <fr:assertion name="funder_identifier">http://dx.doi.org/10.13039/error:</fr:assertion>
                  </fr:assertion>
                </fr:program>
                <doi_data>
                  <doi>10.6028/NBS.HB.135r1987</doi>
                  <resource>https://nvlpubs.nist.gov/nistpubs/Legacy/HB/1987/NBS.HB.135r1987.pdf</resource>
                </doi_data>
              </report-paper_metadata>
            </report-paper>
          
        </doi_record>
      </query>
      <query key="HB">
        <doi type="report-paper_title">10.6028/NBS.HB.136</doi>
        <crm-item name="publisher-name" type="string">National Institute of Standards and Technology (NIST)</crm-item>
        <crm-item name="prefix-name" type="string">National Institute of Standards and Technology</crm-item>
        <crm-item name="member-id" type="number">4068</crm-item>
        <crm-item name="citation-id" type="number">97453452</crm-item>
        <crm-item name="book-id" type="number">3018150</crm-item>
        <crm-item name="deposit-timestamp" type="number">201803270927</crm-item>
        <crm-item name="owner-prefix" type="string">10.6028</crm-item>
        <crm-item name="last-update" type="date">2018-03-27T13:29:50Z</crm-item>
        <crm-item name="created" type="date">2018-03-27T13:05:55Z</crm-item>
        <crm-item name="citedby-count" type="number">0</crm-item>
        <doi_record>
          
            <report-paper>
              <report-paper_metadata>
                <contributors>
                  <organization sequence="first" contributor_role="author">American National Standards Institute Subcommittee N43-35</organization>
                </contributors>
                <titles>
                  <title>American national standard N432; radiological safety for the design and construction of apparatus for gamma radiography</title>
                </titles>
                <publication_date media_type="online">
                  <year>1981</year>
                </publication_date>
                <publisher>
                  <publisher_name>National Bureau of Standards</publisher_name>
                  <publisher_place>Gaithersburg, MD</publisher_place>
                </publisher>
                <institution>
                  <institution_name>National Bureau of Standards</institution_name>
                  <institution_acronym>NBS</institution_acronym>
                  <institution_place>Gaithersburg, MD</institution_place>
                </institution>
                <publisher_item>
                  <item_number item_number_type="report-number">NBS HB 136</item_number>
                </publisher_item>
                <fr:program xmlns:fr="http://www.crossref.org/fundref.xsd" name="fundref">
                  <fr:assertion name="funder_name">
                    <fr:assertion name="funder_identifier">http://dx.doi.org/10.13039/error:</fr:assertion>
                  </fr:assertion>
                </fr:program>
                <doi_data>
                  <doi>10.6028/NBS.HB.136</doi>
                  <resource>https://nvlpubs.nist.gov/nistpubs/Legacy/HB/1981/NBS.HB.136.pdf</resource>
                </doi_data>
              </report-paper_metadata>
            </report-paper>
          
        </doi_record>
      </query>
      <query key="HB">
        <doi type="report-paper_title">10.6028/NBS.HB.137</doi>
        <crm-item name="publisher-name" type="string">National Institute of Standards and Technology (NIST)</crm-item>
        <crm-item name="prefix-name" type="string">National Institute of Standards and Technology</crm-item>
        <crm-item name="member-id" type="number">4068</crm-item>
        <crm-item name="citation-id" type="number">97453677</crm-item>
        <crm-item name="book-id" type="number">3018252</crm-item>
        <crm-item name="deposit-timestamp" type="number">201803270927</crm-item>
        <crm-item name="owner-prefix" type="string">10.6028</crm-item>
        <crm-item name="last-update" type="date">2018-03-27T13:31:20Z</crm-item>
        <crm-item name="created" type="date">2018-03-27T13:05:55Z</crm-item>
        <crm-item name="citedby-count" type="number">0</crm-item>
        <doi_record>
          
            <report-paper>
              <report-paper_metadata>
                <contributors>
                  <person_name sequence="first" contributor_role="author">
                    <given_name>Stephen</given_name>
                    <surname>Hasko</surname>
                  </person_name>
                </contributors>
                <titles>
                  <title>Examination of distance measuring devices</title>
                </titles>
                <publication_date media_type="online">
                  <year>1980</year>
                </publication_date>
                <publisher>
                  <publisher_name>National Bureau of Standards</publisher_name>
                  <publisher_place>Gaithersburg, MD</publisher_place>
                </publisher>
                <institution>
                  <institution_name>National Bureau of Standards</institution_name>
                  <institution_acronym>NBS</institution_acronym>
                  <institution_place>Gaithersburg, MD</institution_place>
                </institution>
                <publisher_item>
                  <item_number item_number_type="report-number">NBS HB 137</item_number>
                </publisher_item>
                <fr:program xmlns:fr="http://www.crossref.org/fundref.xsd" name="fundref">
                  <fr:assertion name="funder_name">
                    <fr:assertion name="funder_identifier">http://dx.doi.org/10.13039/error:</fr:assertion>
                  </fr:assertion>
                </fr:program>
                <doi_data>
                  <doi>10.6028/NBS.HB.137</doi>
                  <resource>https://nvlpubs.nist.gov/nistpubs/Legacy/HB/1980/NBS.HB.137.pdf</resource>
                </doi_data>
              </report-paper_metadata>
            </report-paper>
          
        </doi_record>
      </query>
      <query key="HB">
        <doi type="report-paper_title">10.6028/NBS.HB.138</doi>
        <crm-item name="publisher-name" type="string">National Institute of Standards and Technology (NIST)</crm-item>
        <crm-item name="prefix-name" type="string">National Institute of Standards and Technology</crm-item>
        <crm-item name="member-id" type="number">4068</crm-item>
        <crm-item name="citation-id" type="number">97453726</crm-item>
        <crm-item name="book-id" type="number">3018284</crm-item>
        <crm-item name="deposit-timestamp" type="number">201803270927</crm-item>
        <crm-item name="owner-prefix" type="string">10.6028</crm-item>
        <crm-item name="last-update" type="date">2018-03-27T13:31:40Z</crm-item>
        <crm-item name="created" type="date">2018-03-27T13:05:55Z</crm-item>
        <crm-item name="citedby-count" type="number">0</crm-item>
        <doi_record>
          
            <report-paper>
              <report-paper_metadata>
                <contributors>
                  <person_name sequence="first" contributor_role="author">
                    <given_name>Thomas N</given_name>
                    <surname>Padikal</surname>
                  </person_name>
                  <person_name sequence="additional" contributor_role="author">
                    <given_name>Sherman P</given_name>
                    <surname>Fivozinsky</surname>
                  </person_name>
                </contributors>
                <titles>
                  <title>Medical physics data book</title>
                </titles>
                <publication_date media_type="online">
                  <year>1982</year>
                </publication_date>
                <publisher>
                  <publisher_name>National Bureau of Standards</publisher_name>
                  <publisher_place>Gaithersburg, MD</publisher_place>
                </publisher>
                <institution>
                  <institution_name>National Bureau of Standards</institution_name>
                  <institution_acronym>NBS</institution_acronym>
                  <institution_place>Gaithersburg, MD</institution_place>
                </institution>
                <publisher_item>
                  <item_number item_number_type="report-number">NBS HB 138</item_number>
                </publisher_item>
                <fr:program xmlns:fr="http://www.crossref.org/fundref.xsd" name="fundref">
                  <fr:assertion name="funder_name">
                    <fr:assertion name="funder_identifier">http://dx.doi.org/10.13039/error:</fr:assertion>
                  </fr:assertion>
                </fr:program>
                <doi_data>
                  <doi>10.6028/NBS.HB.138</doi>
                  <resource>https://nvlpubs.nist.gov/nistpubs/Legacy/HB/1982/NBS.HB.138.pdf</resource>
                </doi_data>
              </report-paper_metadata>
            </report-paper>
          
        </doi_record>
      </query>
      <query key="HB">
        <doi type="report-paper_title">10.6028/NBS.HB.14</doi>
        <crm-item name="publisher-name" type="string">National Institute of Standards and Technology (NIST)</crm-item>
        <crm-item name="prefix-name" type="string">National Institute of Standards and Technology</crm-item>
        <crm-item name="member-id" type="number">4068</crm-item>
        <crm-item name="citation-id" type="number">97453422</crm-item>
        <crm-item name="book-id" type="number">3018131</crm-item>
        <crm-item name="deposit-timestamp" type="number">201803270927</crm-item>
        <crm-item name="owner-prefix" type="string">10.6028</crm-item>
        <crm-item name="last-update" type="date">2018-03-27T13:29:37Z</crm-item>
        <crm-item name="created" type="date">2018-03-27T13:05:55Z</crm-item>
        <crm-item name="citedby-count" type="number">0</crm-item>
        <doi_record>
          
            <report-paper>
              <report-paper_metadata>
                <contributors>
                  <organization sequence="first" contributor_role="author">National Bureau of Standards</organization>
                </contributors>
                <titles>
                  <title>Specifications and tolerances for commercial weighing and measuring devices</title>
                </titles>
                <publication_date media_type="online">
                  <year>1929</year>
                </publication_date>
                <publisher>
                  <publisher_name>National Bureau of Standards</publisher_name>
                  <publisher_place>Gaithersburg, MD</publisher_place>
                </publisher>
                <institution>
                  <institution_name>National Bureau of Standards</institution_name>
                  <institution_acronym>NBS</institution_acronym>
                  <institution_place>Gaithersburg, MD</institution_place>
                </institution>
                <publisher_item>
                  <item_number item_number_type="report-number">NBS HB 14</item_number>
                </publisher_item>
                <fr:program xmlns:fr="http://www.crossref.org/fundref.xsd" name="fundref">
                  <fr:assertion name="funder_name">
                    <fr:assertion name="funder_identifier">http://dx.doi.org/10.13039/error:</fr:assertion>
                  </fr:assertion>
                </fr:program>
                <doi_data>
                  <doi>10.6028/NBS.HB.14</doi>
                  <resource>https://nvlpubs.nist.gov/nistpubs/Legacy/HB/1929/NBS.HB.14.pdf</resource>
                </doi_data>
              </report-paper_metadata>
            </report-paper>
          
        </doi_record>
      </query>
      <query key="HB">
        <doi type="report-paper_title">10.6028/NBS.HB.140</doi>
        <crm-item name="publisher-name" type="string">National Institute of Standards and Technology (NIST)</crm-item>
        <crm-item name="prefix-name" type="string">National Institute of Standards and Technology</crm-item>
        <crm-item name="member-id" type="number">4068</crm-item>
        <crm-item name="citation-id" type="number">97453665</crm-item>
        <crm-item name="book-id" type="number">3018245</crm-item>
        <crm-item name="deposit-timestamp" type="number">201803270927</crm-item>
        <crm-item name="owner-prefix" type="string">10.6028</crm-item>
        <crm-item name="last-update" type="date">2018-03-27T13:31:15Z</crm-item>
        <crm-item name="created" type="date">2018-03-27T13:05:55Z</crm-item>
        <crm-item name="citedby-count" type="number">0</crm-item>
        <doi_record>
          
            <report-paper>
              <report-paper_metadata>
                <contributors>
                  <person_name sequence="first" contributor_role="author">
                    <given_name>A G</given_name>
                    <surname>Hanson</surname>
                  </person_name>
                  <person_name sequence="additional" contributor_role="author">
                    <given_name>L R</given_name>
                    <surname>Bloom</surname>
                  </person_name>
                  <person_name sequence="additional" contributor_role="author">
                    <given_name>A H</given_name>
                    <surname>Cherin</surname>
                  </person_name>
                  <person_name sequence="additional" contributor_role="author">
                    <given_name>G W</given_name>
                    <surname>Day</surname>
                  </person_name>
                  <person_name sequence="additional" contributor_role="author">
                    <given_name>R L</given_name>
                    <surname>Gallawa</surname>
                  </person_name>
                  <person_name sequence="additional" contributor_role="author">
                    <given_name>E M</given_name>
                    <surname>Gray</surname>
                  </person_name>
                  <person_name sequence="additional" contributor_role="author">
                    <given_name>C</given_name>
                    <surname>Kao</surname>
                  </person_name>
                  <person_name sequence="additional" contributor_role="author">
                    <given_name>F P</given_name>
                    <surname>Kapron</surname>
                  </person_name>
                  <person_name sequence="additional" contributor_role="author">
                    <given_name>B S</given_name>
                    <surname>Kawasaki</surname>
                  </person_name>
                  <person_name sequence="additional" contributor_role="author">
                    <given_name>PP</given_name>
                    <surname>Reitz</surname>
                  </person_name>
                  <person_name sequence="additional" contributor_role="author">
                    <given_name>M</given_name>
                    <surname>Young</surname>
                  </person_name>
                </contributors>
                <titles>
                  <title>Optical waveguide communications glossary</title>
                </titles>
                <publication_date media_type="online">
                  <year>1982</year>
                </publication_date>
                <publisher>
                  <publisher_name>National Bureau of Standards</publisher_name>
                  <publisher_place>Gaithersburg, MD</publisher_place>
                </publisher>
                <institution>
                  <institution_name>National Bureau of Standards</institution_name>
                  <institution_acronym>NBS</institution_acronym>
                  <institution_place>Gaithersburg, MD</institution_place>
                </institution>
                <publisher_item>
                  <item_number item_number_type="report-number">NBS HB 140</item_number>
                </publisher_item>
                <fr:program xmlns:fr="http://www.crossref.org/fundref.xsd" name="fundref">
                  <fr:assertion name="funder_name">
                    <fr:assertion name="funder_identifier">http://dx.doi.org/10.13039/error:</fr:assertion>
                  </fr:assertion>
                </fr:program>
                <doi_data>
                  <doi>10.6028/NBS.HB.140</doi>
                  <resource>https://nvlpubs.nist.gov/nistpubs/Legacy/HB/1982/NBS.HB.140.pdf</resource>
                </doi_data>
              </report-paper_metadata>
            </report-paper>
          
        </doi_record>
      </query>
      <query key="HB">
        <doi type="report-paper_title">10.6028/NBS.HB.141</doi>
        <crm-item name="publisher-name" type="string">National Institute of Standards and Technology (NIST)</crm-item>
        <crm-item name="prefix-name" type="string">National Institute of Standards and Technology</crm-item>
        <crm-item name="member-id" type="number">4068</crm-item>
        <crm-item name="citation-id" type="number">97453692</crm-item>
        <crm-item name="book-id" type="number">3018264</crm-item>
        <crm-item name="deposit-timestamp" type="number">201803270927</crm-item>
        <crm-item name="owner-prefix" type="string">10.6028</crm-item>
        <crm-item name="last-update" type="date">2018-03-27T13:31:26Z</crm-item>
        <crm-item name="created" type="date">2018-03-27T13:05:55Z</crm-item>
        <crm-item name="citedby-count" type="number">0</crm-item>
        <doi_record>
          
            <report-paper>
              <report-paper_metadata>
                <contributors>
                  <person_name sequence="first" contributor_role="author">
                    <given_name>James H</given_name>
                    <surname>Klote</surname>
                  </person_name>
                  <person_name sequence="additional" contributor_role="author">
                    <given_name>John W, Jr</given_name>
                    <surname>Fothergill</surname>
                  </person_name>
                </contributors>
                <titles>
                  <title>Design of smoke control systems for buildings</title>
                </titles>
                <publication_date media_type="online">
                  <year>1983</year>
                </publication_date>
                <publisher>
                  <publisher_name>National Bureau of Standards</publisher_name>
                  <publisher_place>Gaithersburg, MD</publisher_place>
                </publisher>
                <institution>
                  <institution_name>National Bureau of Standards</institution_name>
                  <institution_acronym>NBS</institution_acronym>
                  <institution_place>Gaithersburg, MD</institution_place>
                </institution>
                <publisher_item>
                  <item_number item_number_type="report-number">NBS HB 141</item_number>
                </publisher_item>
                <fr:program xmlns:fr="http://www.crossref.org/fundref.xsd" name="fundref">
                  <fr:assertion name="funder_name">
                    <fr:assertion name="funder_identifier">http://dx.doi.org/10.13039/error:</fr:assertion>
                  </fr:assertion>
                </fr:program>
                <doi_data>
                  <doi>10.6028/NBS.HB.141</doi>
                  <resource>https://nvlpubs.nist.gov/nistpubs/Legacy/HB/1983/NBS.HB.141.pdf</resource>
                </doi_data>
              </report-paper_metadata>
            </report-paper>
          
        </doi_record>
      </query>
      <query key="HB">
        <doi type="report-paper_title">10.6028/NBS.HB.142</doi>
        <crm-item name="publisher-name" type="string">National Institute of Standards and Technology (NIST)</crm-item>
        <crm-item name="prefix-name" type="string">National Institute of Standards and Technology</crm-item>
        <crm-item name="member-id" type="number">4068</crm-item>
        <crm-item name="citation-id" type="number">97453455</crm-item>
        <crm-item name="book-id" type="number">3018152</crm-item>
        <crm-item name="deposit-timestamp" type="number">201803270927</crm-item>
        <crm-item name="owner-prefix" type="string">10.6028</crm-item>
        <crm-item name="last-update" type="date">2018-03-27T13:29:50Z</crm-item>
        <crm-item name="created" type="date">2018-03-27T13:05:55Z</crm-item>
        <crm-item name="citedby-count" type="number">0</crm-item>
        <doi_record>
          
            <report-paper>
              <report-paper_metadata>
                <contributors>
                  <organization sequence="first" contributor_role="author">National Bureau of Standards</organization>
                </contributors>
                <titles>
                  <title>American national standard N43.10; safe design and use of panoramic, wet source storage gamma irradiators (category IV)</title>
                </titles>
                <publication_date media_type="online">
                  <year>1984</year>
                </publication_date>
                <publisher>
                  <publisher_name>National Bureau of Standards</publisher_name>
                  <publisher_place>Gaithersburg, MD</publisher_place>
                </publisher>
                <institution>
                  <institution_name>National Bureau of Standards</institution_name>
                  <institution_acronym>NBS</institution_acronym>
                  <institution_place>Gaithersburg, MD</institution_place>
                </institution>
                <publisher_item>
                  <item_number item_number_type="report-number">NBS HB 142</item_number>
                </publisher_item>
                <fr:program xmlns:fr="http://www.crossref.org/fundref.xsd" name="fundref">
                  <fr:assertion name="funder_name">
                    <fr:assertion name="funder_identifier">http://dx.doi.org/10.13039/error:</fr:assertion>
                  </fr:assertion>
                </fr:program>
                <doi_data>
                  <doi>10.6028/NBS.HB.142</doi>
                  <resource>https://nvlpubs.nist.gov/nistpubs/Legacy/HB/1984/NBS.HB.142.pdf</resource>
                </doi_data>
              </report-paper_metadata>
            </report-paper>
          
        </doi_record>
      </query>
      <query key="HB">
        <doi type="report-paper_title">10.6028/NBS.HB.143</doi>
        <crm-item name="publisher-name" type="string">National Institute of Standards and Technology (NIST)</crm-item>
        <crm-item name="prefix-name" type="string">National Institute of Standards and Technology</crm-item>
        <crm-item name="member-id" type="number">4068</crm-item>
        <crm-item name="citation-id" type="number">97453723</crm-item>
        <crm-item name="book-id" type="number">3018250</crm-item>
        <crm-item name="deposit-timestamp" type="number">201803270927</crm-item>
        <crm-item name="owner-prefix" type="string">10.6028</crm-item>
        <crm-item name="last-update" type="date">2018-03-27T13:31:39Z</crm-item>
        <crm-item name="created" type="date">2018-03-27T13:05:55Z</crm-item>
        <crm-item name="citedby-count" type="number">0</crm-item>
        <doi_record>
          
            <report-paper>
              <report-paper_metadata>
                <contributors>
                  <person_name sequence="first" contributor_role="author">
                    <given_name>H V</given_name>
                    <surname>Opperman</surname>
                  </person_name>
                  <person_name sequence="additional" contributor_role="author">
                    <given_name>J K</given_name>
                    <surname>Taylor</surname>
                  </person_name>
                </contributors>
                <titles>
                  <title>State weights and measures laboratories: program handbook</title>
                </titles>
                <publication_date media_type="online">
                  <year>1985</year>
                </publication_date>
                <publisher>
                  <publisher_name>National Bureau of Standards</publisher_name>
                  <publisher_place>Gaithersburg, MD</publisher_place>
                </publisher>
                <institution>
                  <institution_name>National Bureau of Standards</institution_name>
                  <institution_acronym>NBS</institution_acronym>
                  <institution_place>Gaithersburg, MD</institution_place>
                </institution>
                <publisher_item>
                  <item_number item_number_type="report-number">NBS HB 143</item_number>
                </publisher_item>
                <fr:program xmlns:fr="http://www.crossref.org/fundref.xsd" name="fundref">
                  <fr:assertion name="funder_name">
                    <fr:assertion name="funder_identifier">http://dx.doi.org/10.13039/error:</fr:assertion>
                  </fr:assertion>
                </fr:program>
                <doi_data>
                  <doi>10.6028/NBS.HB.143</doi>
                  <resource>https://nvlpubs.nist.gov/nistpubs/Legacy/HB/1985/NBS.HB.143.pdf</resource>
                </doi_data>
              </report-paper_metadata>
            </report-paper>
          
        </doi_record>
      </query>
      <query key="HB">
        <doi type="report-paper_title">10.6028/NBS.HB.145</doi>
        <crm-item name="publisher-name" type="string">National Institute of Standards and Technology (NIST)</crm-item>
        <crm-item name="prefix-name" type="string">National Institute of Standards and Technology</crm-item>
        <crm-item name="member-id" type="number">4068</crm-item>
        <crm-item name="citation-id" type="number">97453749</crm-item>
        <crm-item name="book-id" type="number">3018293</crm-item>
        <crm-item name="deposit-timestamp" type="number">201803270927</crm-item>
        <crm-item name="owner-prefix" type="string">10.6028</crm-item>
        <crm-item name="last-update" type="date">2018-03-27T13:31:47Z</crm-item>
        <crm-item name="created" type="date">2018-03-27T13:05:55Z</crm-item>
        <crm-item name="citedby-count" type="number">0</crm-item>
        <doi_record>
          
            <report-paper>
              <report-paper_metadata>
                <contributors>
                  <person_name sequence="first" contributor_role="author">
                    <given_name>John K</given_name>
                    <surname>Taylor</surname>
                  </person_name>
                  <person_name sequence="additional" contributor_role="author">
                    <given_name>Henry V</given_name>
                    <surname>Opperman</surname>
                  </person_name>
                </contributors>
                <titles>
                  <title>Handbook for the quality assurance of metrological measurements</title>
                </titles>
                <publication_date media_type="online">
                  <year>1986</year>
                </publication_date>
                <publisher>
                  <publisher_name>National Bureau of Standards</publisher_name>
                  <publisher_place>Gaithersburg, MD</publisher_place>
                </publisher>
                <institution>
                  <institution_name>National Bureau of Standards</institution_name>
                  <institution_acronym>NBS</institution_acronym>
                  <institution_place>Gaithersburg, MD</institution_place>
                </institution>
                <publisher_item>
                  <item_number item_number_type="report-number">NBS HB 145</item_number>
                </publisher_item>
                <fr:program xmlns:fr="http://www.crossref.org/fundref.xsd" name="fundref">
                  <fr:assertion name="funder_name">
                    <fr:assertion name="funder_identifier">http://dx.doi.org/10.13039/error:</fr:assertion>
                  </fr:assertion>
                </fr:program>
                <doi_data>
                  <doi>10.6028/NBS.HB.145</doi>
                  <resource>https://nvlpubs.nist.gov/nistpubs/Legacy/HB/1986/NBS.HB.145.pdf</resource>
                </doi_data>
              </report-paper_metadata>
            </report-paper>
          
        </doi_record>
      </query>
      <query key="HB">
        <doi type="report-paper_title">10.6028/NBS.HB.15</doi>
        <crm-item name="publisher-name" type="string">National Institute of Standards and Technology (NIST)</crm-item>
        <crm-item name="prefix-name" type="string">National Institute of Standards and Technology</crm-item>
        <crm-item name="member-id" type="number">4068</crm-item>
        <crm-item name="citation-id" type="number">97453425</crm-item>
        <crm-item name="book-id" type="number">3018133</crm-item>
        <crm-item name="deposit-timestamp" type="number">201803270927</crm-item>
        <crm-item name="owner-prefix" type="string">10.6028</crm-item>
        <crm-item name="last-update" type="date">2018-03-27T13:29:38Z</crm-item>
        <crm-item name="created" type="date">2018-03-27T13:05:55Z</crm-item>
        <crm-item name="citedby-count" type="number">0</crm-item>
        <doi_record>
          
            <report-paper>
              <report-paper_metadata>
                <contributors>
                  <organization sequence="first" contributor_role="author">National Bureau of Standards</organization>
                </contributors>
                <titles>
                  <title>X-ray protection</title>
                </titles>
                <publication_date media_type="online">
                  <year>1931</year>
                </publication_date>
                <publisher>
                  <publisher_name>National Bureau of Standards</publisher_name>
                  <publisher_place>Gaithersburg, MD</publisher_place>
                </publisher>
                <institution>
                  <institution_name>National Bureau of Standards</institution_name>
                  <institution_acronym>NBS</institution_acronym>
                  <institution_place>Gaithersburg, MD</institution_place>
                </institution>
                <publisher_item>
                  <item_number item_number_type="report-number">NBS HB 15</item_number>
                </publisher_item>
                <fr:program xmlns:fr="http://www.crossref.org/fundref.xsd" name="fundref">
                  <fr:assertion name="funder_name">
                    <fr:assertion name="funder_identifier">http://dx.doi.org/10.13039/error:</fr:assertion>
                  </fr:assertion>
                </fr:program>
                <doi_data>
                  <doi>10.6028/NBS.HB.15</doi>
                  <resource>https://nvlpubs.nist.gov/nistpubs/Legacy/HB/1931/NBS.HB.15.pdf</resource>
                </doi_data>
              </report-paper_metadata>
            </report-paper>
          
        </doi_record>
      </query>
      <query key="HB">
        <doi type="report-paper_title">10.6028/NBS.HB.16</doi>
        <crm-item name="publisher-name" type="string">National Institute of Standards and Technology (NIST)</crm-item>
        <crm-item name="prefix-name" type="string">National Institute of Standards and Technology</crm-item>
        <crm-item name="member-id" type="number">4068</crm-item>
        <crm-item name="citation-id" type="number">97453432</crm-item>
        <crm-item name="book-id" type="number">3018140</crm-item>
        <crm-item name="deposit-timestamp" type="number">201803270927</crm-item>
        <crm-item name="owner-prefix" type="string">10.6028</crm-item>
        <crm-item name="last-update" type="date">2018-03-27T13:29:43Z</crm-item>
        <crm-item name="created" type="date">2018-03-27T13:05:55Z</crm-item>
        <crm-item name="citedby-count" type="number">0</crm-item>
        <doi_record>
          
            <report-paper>
              <report-paper_metadata>
                <contributors>
                  <organization sequence="first" contributor_role="author">National Bureau of Standards</organization>
                </contributors>
                <titles>
                  <title>Wood poles for overhead electrical lines</title>
                </titles>
                <publication_date media_type="online">
                  <year>1931</year>
                </publication_date>
                <publisher>
                  <publisher_name>National Bureau of Standards</publisher_name>
                  <publisher_place>Gaithersburg, MD</publisher_place>
                </publisher>
                <institution>
                  <institution_name>National Bureau of Standards</institution_name>
                  <institution_acronym>NBS</institution_acronym>
                  <institution_place>Gaithersburg, MD</institution_place>
                </institution>
                <publisher_item>
                  <item_number item_number_type="report-number">NBS HB 16</item_number>
                </publisher_item>
                <fr:program xmlns:fr="http://www.crossref.org/fundref.xsd" name="fundref">
                  <fr:assertion name="funder_name">
                    <fr:assertion name="funder_identifier">http://dx.doi.org/10.13039/error:</fr:assertion>
                  </fr:assertion>
                </fr:program>
                <doi_data>
                  <doi>10.6028/NBS.HB.16</doi>
                  <resource>https://nvlpubs.nist.gov/nistpubs/Legacy/HB/1931/NBS.HB.16.pdf</resource>
                </doi_data>
              </report-paper_metadata>
            </report-paper>
          
        </doi_record>
      </query>
      <query key="HB">
        <doi type="report-paper_title">10.6028/NBS.HB.17</doi>
        <crm-item name="publisher-name" type="string">National Institute of Standards and Technology (NIST)</crm-item>
        <crm-item name="prefix-name" type="string">National Institute of Standards and Technology</crm-item>
        <crm-item name="member-id" type="number">4068</crm-item>
        <crm-item name="citation-id" type="number">97453436</crm-item>
        <crm-item name="book-id" type="number">3018143</crm-item>
        <crm-item name="deposit-timestamp" type="number">201803270927</crm-item>
        <crm-item name="owner-prefix" type="string">10.6028</crm-item>
        <crm-item name="last-update" type="date">2018-03-27T13:29:45Z</crm-item>
        <crm-item name="created" type="date">2018-03-27T13:05:55Z</crm-item>
        <crm-item name="citedby-count" type="number">0</crm-item>
        <doi_record>
          
            <report-paper>
              <report-paper_metadata>
                <contributors>
                  <organization sequence="first" contributor_role="author">National Bureau of Standards</organization>
                </contributors>
                <titles>
                  <title>Code for protection against lightning: parts I, II, and III</title>
                </titles>
                <publication_date media_type="online">
                  <year>1932</year>
                </publication_date>
                <publisher>
                  <publisher_name>National Bureau of Standards</publisher_name>
                  <publisher_place>Gaithersburg, MD</publisher_place>
                </publisher>
                <institution>
                  <institution_name>National Bureau of Standards</institution_name>
                  <institution_acronym>NBS</institution_acronym>
                  <institution_place>Gaithersburg, MD</institution_place>
                </institution>
                <publisher_item>
                  <item_number item_number_type="report-number">NBS HB 17</item_number>
                </publisher_item>
                <fr:program xmlns:fr="http://www.crossref.org/fundref.xsd" name="fundref">
                  <fr:assertion name="funder_name">
                    <fr:assertion name="funder_identifier">http://dx.doi.org/10.13039/error:</fr:assertion>
                  </fr:assertion>
                </fr:program>
                <doi_data>
                  <doi>10.6028/NBS.HB.17</doi>
                  <resource>https://nvlpubs.nist.gov/nistpubs/Legacy/HB/1932/NBS.HB.17.pdf</resource>
                </doi_data>
              </report-paper_metadata>
            </report-paper>
          
        </doi_record>
      </query>
      <query key="HB">
        <doi type="report-paper_title">10.6028/NBS.HB.18</doi>
        <crm-item name="publisher-name" type="string">National Institute of Standards and Technology (NIST)</crm-item>
        <crm-item name="prefix-name" type="string">National Institute of Standards and Technology</crm-item>
        <crm-item name="member-id" type="number">4068</crm-item>
        <crm-item name="citation-id" type="number">97453450</crm-item>
        <crm-item name="book-id" type="number">3018149</crm-item>
        <crm-item name="deposit-timestamp" type="number">201803270927</crm-item>
        <crm-item name="owner-prefix" type="string">10.6028</crm-item>
        <crm-item name="last-update" type="date">2018-03-27T13:29:49Z</crm-item>
        <crm-item name="created" type="date">2018-03-27T13:05:55Z</crm-item>
        <crm-item name="citedby-count" type="number">0</crm-item>
        <doi_record>
          
            <report-paper>
              <report-paper_metadata>
                <contributors>
                  <organization sequence="first" contributor_role="author">National Bureau of Standards</organization>
                </contributors>
                <titles>
                  <title>Radium protection for amounts up to 300 milligrams</title>
                </titles>
                <publication_date media_type="online">
                  <year>1934</year>
                </publication_date>
                <publisher>
                  <publisher_name>National Bureau of Standards</publisher_name>
                  <publisher_place>Gaithersburg, MD</publisher_place>
                </publisher>
                <institution>
                  <institution_name>National Bureau of Standards</institution_name>
                  <institution_acronym>NBS</institution_acronym>
                  <institution_place>Gaithersburg, MD</institution_place>
                </institution>
                <publisher_item>
                  <item_number item_number_type="report-number">NBS HB 18</item_number>
                </publisher_item>
                <fr:program xmlns:fr="http://www.crossref.org/fundref.xsd" name="fundref">
                  <fr:assertion name="funder_name">
                    <fr:assertion name="funder_identifier">http://dx.doi.org/10.13039/error:</fr:assertion>
                  </fr:assertion>
                </fr:program>
                <doi_data>
                  <doi>10.6028/NBS.HB.18</doi>
                  <resource>https://nvlpubs.nist.gov/nistpubs/Legacy/HB/1934/NBS.HB.18.pdf</resource>
                </doi_data>
              </report-paper_metadata>
            </report-paper>
          
        </doi_record>
      </query>
      <query key="HB">
        <doi type="report-paper_title">10.6028/NBS.HB.19</doi>
        <crm-item name="publisher-name" type="string">National Institute of Standards and Technology (NIST)</crm-item>
        <crm-item name="prefix-name" type="string">National Institute of Standards and Technology</crm-item>
        <crm-item name="member-id" type="number">4068</crm-item>
        <crm-item name="citation-id" type="number">97453453</crm-item>
        <crm-item name="book-id" type="number">3018151</crm-item>
        <crm-item name="deposit-timestamp" type="number">201803270927</crm-item>
        <crm-item name="owner-prefix" type="string">10.6028</crm-item>
        <crm-item name="last-update" type="date">2018-03-27T13:29:50Z</crm-item>
        <crm-item name="created" type="date">2018-03-27T13:05:55Z</crm-item>
        <crm-item name="citedby-count" type="number">0</crm-item>
        <doi_record>
          
            <report-paper>
              <report-paper_metadata>
                <contributors>
                  <organization sequence="first" contributor_role="author">National Bureau of Standards</organization>
                </contributors>
                <titles>
                  <title>Manual of fire-loss prevention of the federal fire council</title>
                </titles>
                <publication_date media_type="online">
                  <year>1934</year>
                </publication_date>
                <publisher>
                  <publisher_name>National Bureau of Standards</publisher_name>
                  <publisher_place>Gaithersburg, MD</publisher_place>
                </publisher>
                <institution>
                  <institution_name>National Bureau of Standards</institution_name>
                  <institution_acronym>NBS</institution_acronym>
                  <institution_place>Gaithersburg, MD</institution_place>
                </institution>
                <publisher_item>
                  <item_number item_number_type="report-number">NBS HB 19</item_number>
                </publisher_item>
                <fr:program xmlns:fr="http://www.crossref.org/fundref.xsd" name="fundref">
                  <fr:assertion name="funder_name">
                    <fr:assertion name="funder_identifier">http://dx.doi.org/10.13039/error:</fr:assertion>
                  </fr:assertion>
                </fr:program>
                <doi_data>
                  <doi>10.6028/NBS.HB.19</doi>
                  <resource>https://nvlpubs.nist.gov/nistpubs/Legacy/HB/1934/NBS.HB.19.pdf</resource>
                </doi_data>
              </report-paper_metadata>
            </report-paper>
          
        </doi_record>
      </query>
      <query key="HB">
        <doi type="report-paper_title">10.6028/NBS.HB.2</doi>
        <crm-item name="publisher-name" type="string">National Institute of Standards and Technology (NIST)</crm-item>
        <crm-item name="prefix-name" type="string">National Institute of Standards and Technology</crm-item>
        <crm-item name="member-id" type="number">4068</crm-item>
        <crm-item name="citation-id" type="number">97453396</crm-item>
        <crm-item name="book-id" type="number">3018113</crm-item>
        <crm-item name="deposit-timestamp" type="number">201803270927</crm-item>
        <crm-item name="owner-prefix" type="string">10.6028</crm-item>
        <crm-item name="last-update" type="date">2018-03-27T13:29:27Z</crm-item>
        <crm-item name="created" type="date">2018-03-27T13:05:55Z</crm-item>
        <crm-item name="citedby-count" type="number">0</crm-item>
        <doi_record>
          
            <report-paper>
              <report-paper_metadata>
                <contributors>
                  <organization sequence="first" contributor_role="author">National Bureau of Standards</organization>
                </contributors>
                <titles>
                  <title>National safety code for the protection of the heads and eyes of industrial workers</title>
                </titles>
                <publication_date media_type="online">
                  <year>1922</year>
                </publication_date>
                <publisher>
                  <publisher_name>National Bureau of Standards</publisher_name>
                  <publisher_place>Gaithersburg, MD</publisher_place>
                </publisher>
                <institution>
                  <institution_name>National Bureau of Standards</institution_name>
                  <institution_acronym>NBS</institution_acronym>
                  <institution_place>Gaithersburg, MD</institution_place>
                </institution>
                <publisher_item>
                  <item_number item_number_type="report-number">NBS HB 2</item_number>
                </publisher_item>
                <fr:program xmlns:fr="http://www.crossref.org/fundref.xsd" name="fundref">
                  <fr:assertion name="funder_name">
                    <fr:assertion name="funder_identifier">http://dx.doi.org/10.13039/error:</fr:assertion>
                  </fr:assertion>
                </fr:program>
                <doi_data>
                  <doi>10.6028/NBS.HB.2</doi>
                  <resource>https://nvlpubs.nist.gov/nistpubs/Legacy/HB/1922/NBS.HB.2.pdf</resource>
                </doi_data>
              </report-paper_metadata>
            </report-paper>
          
        </doi_record>
      </query>
      <query key="HB">
        <doi type="report-paper_title">10.6028/NBS.HB.20</doi>
        <crm-item name="publisher-name" type="string">National Institute of Standards and Technology (NIST)</crm-item>
        <crm-item name="prefix-name" type="string">National Institute of Standards and Technology</crm-item>
        <crm-item name="member-id" type="number">4068</crm-item>
        <crm-item name="citation-id" type="number">97453750</crm-item>
        <crm-item name="book-id" type="number">3018133</crm-item>
        <crm-item name="deposit-timestamp" type="number">201803270927</crm-item>
        <crm-item name="owner-prefix" type="string">10.6028</crm-item>
        <crm-item name="last-update" type="date">2018-03-27T13:31:48Z</crm-item>
        <crm-item name="created" type="date">2018-03-27T13:05:55Z</crm-item>
        <crm-item name="citedby-count" type="number">0</crm-item>
        <doi_record>
          
            <report-paper>
              <report-paper_metadata>
                <contributors>
                  <person_name sequence="first" contributor_role="author">
                    <given_name>Lauriston Sale</given_name>
                    <surname>Taylor</surname>
                  </person_name>
                </contributors>
                <titles>
                  <title>X-ray protection</title>
                </titles>
                <publication_date media_type="online">
                  <year>1936</year>
                </publication_date>
                <publisher>
                  <publisher_name>National Bureau of Standards</publisher_name>
                  <publisher_place>Gaithersburg, MD</publisher_place>
                </publisher>
                <institution>
                  <institution_name>National Bureau of Standards</institution_name>
                  <institution_acronym>NBS</institution_acronym>
                  <institution_place>Gaithersburg, MD</institution_place>
                </institution>
                <publisher_item>
                  <item_number item_number_type="report-number">NBS HB 20</item_number>
                </publisher_item>
                <fr:program xmlns:fr="http://www.crossref.org/fundref.xsd" name="fundref">
                  <fr:assertion name="funder_name">
                    <fr:assertion name="funder_identifier">http://dx.doi.org/10.13039/error:</fr:assertion>
                  </fr:assertion>
                </fr:program>
                <doi_data>
                  <doi>10.6028/NBS.HB.20</doi>
                  <resource>https://nvlpubs.nist.gov/nistpubs/Legacy/HB/1936/NBS.HB.20.pdf</resource>
                </doi_data>
              </report-paper_metadata>
            </report-paper>
          
        </doi_record>
      </query>
      <query key="HB">
        <doi type="report-paper_title">10.6028/NBS.HB.21</doi>
        <crm-item name="publisher-name" type="string">National Institute of Standards and Technology (NIST)</crm-item>
        <crm-item name="prefix-name" type="string">National Institute of Standards and Technology</crm-item>
        <crm-item name="member-id" type="number">4068</crm-item>
        <crm-item name="citation-id" type="number">97453491</crm-item>
        <crm-item name="book-id" type="number">3018143</crm-item>
        <crm-item name="deposit-timestamp" type="number">201803270927</crm-item>
        <crm-item name="owner-prefix" type="string">10.6028</crm-item>
        <crm-item name="last-update" type="date">2018-03-27T13:29:57Z</crm-item>
        <crm-item name="created" type="date">2018-03-27T13:05:55Z</crm-item>
        <crm-item name="citedby-count" type="number">0</crm-item>
        <doi_record>
          
            <report-paper>
              <report-paper_metadata>
                <contributors>
                  <organization sequence="first" contributor_role="author">National Bureau of Standards</organization>
                </contributors>
                <titles>
                  <title>Code for protection against lightning: parts I, II, and III</title>
                </titles>
                <publication_date media_type="online">
                  <year>1937</year>
                </publication_date>
                <publisher>
                  <publisher_name>National Bureau of Standards</publisher_name>
                  <publisher_place>Gaithersburg, MD</publisher_place>
                </publisher>
                <institution>
                  <institution_name>National Bureau of Standards</institution_name>
                  <institution_acronym>NBS</institution_acronym>
                  <institution_place>Gaithersburg, MD</institution_place>
                </institution>
                <publisher_item>
                  <item_number item_number_type="report-number">NBS HB 21</item_number>
                </publisher_item>
                <fr:program xmlns:fr="http://www.crossref.org/fundref.xsd" name="fundref">
                  <fr:assertion name="funder_name">
                    <fr:assertion name="funder_identifier">http://dx.doi.org/10.13039/error:</fr:assertion>
                  </fr:assertion>
                </fr:program>
                <doi_data>
                  <doi>10.6028/NBS.HB.21</doi>
                  <resource>https://nvlpubs.nist.gov/nistpubs/Legacy/HB/1937/NBS.HB.21.pdf</resource>
                </doi_data>
              </report-paper_metadata>
            </report-paper>
          
        </doi_record>
      </query>
      <query key="HB">
        <doi type="report-paper_title">10.6028/NBS.HB.22</doi>
        <crm-item name="publisher-name" type="string">National Institute of Standards and Technology (NIST)</crm-item>
        <crm-item name="prefix-name" type="string">National Institute of Standards and Technology</crm-item>
        <crm-item name="member-id" type="number">4068</crm-item>
        <crm-item name="citation-id" type="number">97453505</crm-item>
        <crm-item name="book-id" type="number">3018153</crm-item>
        <crm-item name="deposit-timestamp" type="number">201803270927</crm-item>
        <crm-item name="owner-prefix" type="string">10.6028</crm-item>
        <crm-item name="last-update" type="date">2018-03-27T13:30:02Z</crm-item>
        <crm-item name="created" type="date">2018-03-27T13:05:55Z</crm-item>
        <crm-item name="citedby-count" type="number">0</crm-item>
        <doi_record>
          
            <report-paper>
              <report-paper_metadata>
                <contributors>
                  <organization sequence="first" contributor_role="author">National Bureau of Standards</organization>
                </contributors>
                <titles>
                  <title>Specifications, tolerances, and regulations for commercial weighing and measuring devices</title>
                </titles>
                <publication_date media_type="online">
                  <year>1938</year>
                </publication_date>
                <publisher>
                  <publisher_name>National Bureau of Standards</publisher_name>
                  <publisher_place>Gaithersburg, MD</publisher_place>
                </publisher>
                <institution>
                  <institution_name>National Bureau of Standards</institution_name>
                  <institution_acronym>NBS</institution_acronym>
                  <institution_place>Gaithersburg, MD</institution_place>
                </institution>
                <publisher_item>
                  <item_number item_number_type="report-number">NBS HB 22</item_number>
                </publisher_item>
                <fr:program xmlns:fr="http://www.crossref.org/fundref.xsd" name="fundref">
                  <fr:assertion name="funder_name">
                    <fr:assertion name="funder_identifier">http://dx.doi.org/10.13039/error:</fr:assertion>
                  </fr:assertion>
                </fr:program>
                <doi_data>
                  <doi>10.6028/NBS.HB.22</doi>
                  <resource>https://nvlpubs.nist.gov/nistpubs/Legacy/HB/1938/NBS.HB.22.pdf</resource>
                </doi_data>
              </report-paper_metadata>
            </report-paper>
          
        </doi_record>
      </query>
      <query key="HB">
        <doi type="report-paper_title">10.6028/NBS.HB.23</doi>
        <crm-item name="publisher-name" type="string">National Institute of Standards and Technology (NIST)</crm-item>
        <crm-item name="prefix-name" type="string">National Institute of Standards and Technology</crm-item>
        <crm-item name="member-id" type="number">4068</crm-item>
        <crm-item name="citation-id" type="number">97453509</crm-item>
        <crm-item name="book-id" type="number">3018155</crm-item>
        <crm-item name="deposit-timestamp" type="number">201803270927</crm-item>
        <crm-item name="owner-prefix" type="string">10.6028</crm-item>
        <crm-item name="last-update" type="date">2018-03-27T13:30:04Z</crm-item>
        <crm-item name="created" type="date">2018-03-27T13:05:55Z</crm-item>
        <crm-item name="citedby-count" type="number">0</crm-item>
        <doi_record>
          
            <report-paper>
              <report-paper_metadata>
                <contributors>
                  <organization sequence="first" contributor_role="author">National Bureau of Standards</organization>
                </contributors>
                <titles>
                  <title>Radium protection</title>
                </titles>
                <publication_date media_type="online">
                  <year>1938</year>
                </publication_date>
                <publisher>
                  <publisher_name>National Bureau of Standards</publisher_name>
                  <publisher_place>Gaithersburg, MD</publisher_place>
                </publisher>
                <institution>
                  <institution_name>National Bureau of Standards</institution_name>
                  <institution_acronym>NBS</institution_acronym>
                  <institution_place>Gaithersburg, MD</institution_place>
                </institution>
                <publisher_item>
                  <item_number item_number_type="report-number">NBS HB 23</item_number>
                </publisher_item>
                <fr:program xmlns:fr="http://www.crossref.org/fundref.xsd" name="fundref">
                  <fr:assertion name="funder_name">
                    <fr:assertion name="funder_identifier">http://dx.doi.org/10.13039/error:</fr:assertion>
                  </fr:assertion>
                </fr:program>
                <doi_data>
                  <doi>10.6028/NBS.HB.23</doi>
                  <resource>https://nvlpubs.nist.gov/nistpubs/Legacy/HB/1938/NBS.HB.23.pdf</resource>
                </doi_data>
              </report-paper_metadata>
            </report-paper>
          
        </doi_record>
      </query>
      <query key="HB">
        <doi type="report-paper_title">10.6028/NBS.HB.24</doi>
        <crm-item name="publisher-name" type="string">National Institute of Standards and Technology (NIST)</crm-item>
        <crm-item name="prefix-name" type="string">National Institute of Standards and Technology</crm-item>
        <crm-item name="member-id" type="number">4068</crm-item>
        <crm-item name="citation-id" type="number">97453511</crm-item>
        <crm-item name="book-id" type="number">3018156</crm-item>
        <crm-item name="deposit-timestamp" type="number">201803270927</crm-item>
        <crm-item name="owner-prefix" type="string">10.6028</crm-item>
        <crm-item name="last-update" type="date">2018-03-27T13:30:05Z</crm-item>
        <crm-item name="created" type="date">2018-03-27T13:05:55Z</crm-item>
        <crm-item name="citedby-count" type="number">0</crm-item>
        <doi_record>
          
            <report-paper>
              <report-paper_metadata>
                <contributors>
                  <organization sequence="first" contributor_role="author">National Bureau of Standards</organization>
                </contributors>
                <titles>
                  <title>American standard safety code for the protection of heads, eyes, and respiratory organs</title>
                </titles>
                <publication_date media_type="online">
                  <year>1938</year>
                </publication_date>
                <publisher>
                  <publisher_name>National Bureau of Standards</publisher_name>
                  <publisher_place>Gaithersburg, MD</publisher_place>
                </publisher>
                <institution>
                  <institution_name>National Bureau of Standards</institution_name>
                  <institution_acronym>NBS</institution_acronym>
                  <institution_place>Gaithersburg, MD</institution_place>
                </institution>
                <publisher_item>
                  <item_number item_number_type="report-number">NBS HB 24</item_number>
                </publisher_item>
                <fr:program xmlns:fr="http://www.crossref.org/fundref.xsd" name="fundref">
                  <fr:assertion name="funder_name">
                    <fr:assertion name="funder_identifier">http://dx.doi.org/10.13039/error:</fr:assertion>
                  </fr:assertion>
                </fr:program>
                <doi_data>
                  <doi>10.6028/NBS.HB.24</doi>
                  <resource>https://nvlpubs.nist.gov/nistpubs/Legacy/HB/1938/NBS.HB.24.pdf</resource>
                </doi_data>
              </report-paper_metadata>
            </report-paper>
          
        </doi_record>
      </query>
      <query key="HB">
        <doi type="report-paper_title">10.6028/NBS.HB.25</doi>
        <crm-item name="publisher-name" type="string">National Institute of Standards and Technology (NIST)</crm-item>
        <crm-item name="prefix-name" type="string">National Institute of Standards and Technology</crm-item>
        <crm-item name="member-id" type="number">4068</crm-item>
        <crm-item name="citation-id" type="number">97453513</crm-item>
        <crm-item name="book-id" type="number">3018157</crm-item>
        <crm-item name="deposit-timestamp" type="number">201803270927</crm-item>
        <crm-item name="owner-prefix" type="string">10.6028</crm-item>
        <crm-item name="last-update" type="date">2018-03-27T13:30:05Z</crm-item>
        <crm-item name="created" type="date">2018-03-27T13:05:55Z</crm-item>
        <crm-item name="citedby-count" type="number">0</crm-item>
        <doi_record>
          
            <report-paper>
              <report-paper_metadata>
                <contributors>
                  <organization sequence="first" contributor_role="author">United States Interdepartmental Screw Thread Committee</organization>
                </contributors>
                <titles>
                  <title>Screw-thread standards for federal services 1939</title>
                </titles>
                <publication_date media_type="online">
                  <year>1940</year>
                </publication_date>
                <publisher>
                  <publisher_name>National Bureau of Standards</publisher_name>
                  <publisher_place>Gaithersburg, MD</publisher_place>
                </publisher>
                <institution>
                  <institution_name>National Bureau of Standards</institution_name>
                  <institution_acronym>NBS</institution_acronym>
                  <institution_place>Gaithersburg, MD</institution_place>
                </institution>
                <publisher_item>
                  <item_number item_number_type="report-number">NBS HB 25</item_number>
                </publisher_item>
                <fr:program xmlns:fr="http://www.crossref.org/fundref.xsd" name="fundref">
                  <fr:assertion name="funder_name">
                    <fr:assertion name="funder_identifier">http://dx.doi.org/10.13039/error:</fr:assertion>
                  </fr:assertion>
                </fr:program>
                <doi_data>
                  <doi>10.6028/NBS.HB.25</doi>
                  <resource>https://nvlpubs.nist.gov/nistpubs/Legacy/HB/1940/NBS.HB.25.pdf</resource>
                </doi_data>
              </report-paper_metadata>
            </report-paper>
          
        </doi_record>
      </query>
      <query key="HB">
        <doi type="report-paper_title">10.6028/NBS.HB.26</doi>
        <crm-item name="publisher-name" type="string">National Institute of Standards and Technology (NIST)</crm-item>
        <crm-item name="prefix-name" type="string">National Institute of Standards and Technology</crm-item>
        <crm-item name="member-id" type="number">4068</crm-item>
        <crm-item name="citation-id" type="number">97453739</crm-item>
        <crm-item name="book-id" type="number">3018117</crm-item>
        <crm-item name="deposit-timestamp" type="number">201803270927</crm-item>
        <crm-item name="owner-prefix" type="string">10.6028</crm-item>
        <crm-item name="last-update" type="date">2018-03-27T13:31:43Z</crm-item>
        <crm-item name="created" type="date">2018-03-27T13:05:55Z</crm-item>
        <crm-item name="citedby-count" type="number">0</crm-item>
        <doi_record>
          
            <report-paper>
              <report-paper_metadata>
                <contributors>
                  <person_name sequence="first" contributor_role="author">
                    <given_name>Ralph W</given_name>
                    <surname>Smith</surname>
                  </person_name>
                </contributors>
                <titles>
                  <title>Weights and measures administration</title>
                </titles>
                <publication_date media_type="online">
                  <year>1941</year>
                </publication_date>
                <publisher>
                  <publisher_name>National Bureau of Standards</publisher_name>
                  <publisher_place>Gaithersburg, MD</publisher_place>
                </publisher>
                <institution>
                  <institution_name>National Bureau of Standards</institution_name>
                  <institution_acronym>NBS</institution_acronym>
                  <institution_place>Gaithersburg, MD</institution_place>
                </institution>
                <publisher_item>
                  <item_number item_number_type="report-number">NBS HB 26</item_number>
                </publisher_item>
                <fr:program xmlns:fr="http://www.crossref.org/fundref.xsd" name="fundref">
                  <fr:assertion name="funder_name">
                    <fr:assertion name="funder_identifier">http://dx.doi.org/10.13039/error:</fr:assertion>
                  </fr:assertion>
                </fr:program>
                <doi_data>
                  <doi>10.6028/NBS.HB.26</doi>
                  <resource>https://nvlpubs.nist.gov/nistpubs/Legacy/HB/1941/NBS.HB.26.pdf</resource>
                </doi_data>
              </report-paper_metadata>
            </report-paper>
          
        </doi_record>
      </query>
      <query key="HB">
        <doi type="report-paper_title">10.6028/NBS.HB.27</doi>
        <crm-item name="publisher-name" type="string">National Institute of Standards and Technology (NIST)</crm-item>
        <crm-item name="prefix-name" type="string">National Institute of Standards and Technology</crm-item>
        <crm-item name="member-id" type="number">4068</crm-item>
        <crm-item name="citation-id" type="number">97453514</crm-item>
        <crm-item name="book-id" type="number">3018158</crm-item>
        <crm-item name="deposit-timestamp" type="number">201803270927</crm-item>
        <crm-item name="owner-prefix" type="string">10.6028</crm-item>
        <crm-item name="last-update" type="date">2018-03-27T13:30:05Z</crm-item>
        <crm-item name="created" type="date">2018-03-27T13:05:55Z</crm-item>
        <crm-item name="citedby-count" type="number">0</crm-item>
        <doi_record>
          
            <report-paper>
              <report-paper_metadata>
                <contributors>
                  <organization sequence="first" contributor_role="author">National Bureau of Standards</organization>
                </contributors>
                <titles>
                  <title>Safe handling of radioactive luminous compound</title>
                </titles>
                <publication_date media_type="online">
                  <year>1941</year>
                </publication_date>
                <publisher>
                  <publisher_name>National Bureau of Standards</publisher_name>
                  <publisher_place>Gaithersburg, MD</publisher_place>
                </publisher>
                <institution>
                  <institution_name>National Bureau of Standards</institution_name>
                  <institution_acronym>NBS</institution_acronym>
                  <institution_place>Gaithersburg, MD</institution_place>
                </institution>
                <publisher_item>
                  <item_number item_number_type="report-number">NBS HB 27</item_number>
                </publisher_item>
                <fr:program xmlns:fr="http://www.crossref.org/fundref.xsd" name="fundref">
                  <fr:assertion name="funder_name">
                    <fr:assertion name="funder_identifier">http://dx.doi.org/10.13039/error:</fr:assertion>
                  </fr:assertion>
                </fr:program>
                <doi_data>
                  <doi>10.6028/NBS.HB.27</doi>
                  <resource>https://nvlpubs.nist.gov/nistpubs/Legacy/HB/1941/NBS.HB.27.pdf</resource>
                </doi_data>
              </report-paper_metadata>
            </report-paper>
          
        </doi_record>
      </query>
      <query key="HB">
        <doi type="report-paper_title">10.6028/NBS.HB.28-1942</doi>
        <crm-item name="publisher-name" type="string">National Institute of Standards and Technology (NIST)</crm-item>
        <crm-item name="prefix-name" type="string">National Institute of Standards and Technology</crm-item>
        <crm-item name="member-id" type="number">4068</crm-item>
        <crm-item name="citation-id" type="number">97453515</crm-item>
        <crm-item name="book-id" type="number">3018159</crm-item>
        <crm-item name="deposit-timestamp" type="number">201803270927</crm-item>
        <crm-item name="owner-prefix" type="string">10.6028</crm-item>
        <crm-item name="last-update" type="date">2018-03-27T13:30:06Z</crm-item>
        <crm-item name="created" type="date">2018-03-27T13:05:55Z</crm-item>
        <crm-item name="citedby-count" type="number">0</crm-item>
        <doi_record>
          
            <report-paper>
              <report-paper_metadata>
                <contributors>
                  <organization sequence="first" contributor_role="author">United States Interdepartmental Screw Thread Committee</organization>
                </contributors>
                <titles>
                  <title>Screw-thread standards for federal services 1942</title>
                </titles>
                <publication_date media_type="online">
                  <year>1942</year>
                </publication_date>
                <publisher>
                  <publisher_name>National Bureau of Standards</publisher_name>
                  <publisher_place>Gaithersburg, MD</publisher_place>
                </publisher>
                <institution>
                  <institution_name>National Bureau of Standards</institution_name>
                  <institution_acronym>NBS</institution_acronym>
                  <institution_place>Gaithersburg, MD</institution_place>
                </institution>
                <publisher_item>
                  <item_number item_number_type="report-number">NBS HB 28-1942</item_number>
                </publisher_item>
                <fr:program xmlns:fr="http://www.crossref.org/fundref.xsd" name="fundref">
                  <fr:assertion name="funder_name">
                    <fr:assertion name="funder_identifier">http://dx.doi.org/10.13039/error:</fr:assertion>
                  </fr:assertion>
                </fr:program>
                <doi_data>
                  <doi>10.6028/NBS.HB.28-1942</doi>
                  <resource>https://nvlpubs.nist.gov/nistpubs/Legacy/HB/1942/NBS.HB.28-1942.pdf</resource>
                </doi_data>
              </report-paper_metadata>
            </report-paper>
          
        </doi_record>
      </query>
      <query key="HB">
        <doi type="report-paper_title">10.6028/NBS.HB.28-1944</doi>
        <crm-item name="publisher-name" type="string">National Institute of Standards and Technology (NIST)</crm-item>
        <crm-item name="prefix-name" type="string">National Institute of Standards and Technology</crm-item>
        <crm-item name="member-id" type="number">4068</crm-item>
        <crm-item name="citation-id" type="number">97453516</crm-item>
        <crm-item name="book-id" type="number">3018160</crm-item>
        <crm-item name="deposit-timestamp" type="number">201803270927</crm-item>
        <crm-item name="owner-prefix" type="string">10.6028</crm-item>
        <crm-item name="last-update" type="date">2018-03-27T13:30:06Z</crm-item>
        <crm-item name="created" type="date">2018-03-27T13:05:55Z</crm-item>
        <crm-item name="citedby-count" type="number">0</crm-item>
        <doi_record>
          
            <report-paper>
              <report-paper_metadata>
                <contributors>
                  <organization sequence="first" contributor_role="author">United States Interdepartmental Screw Thread Committee</organization>
                </contributors>
                <titles>
                  <title>Screw-thread standards for federal services 1944</title>
                </titles>
                <publication_date media_type="online">
                  <year>1945</year>
                </publication_date>
                <publisher>
                  <publisher_name>National Bureau of Standards</publisher_name>
                  <publisher_place>Gaithersburg, MD</publisher_place>
                </publisher>
                <institution>
                  <institution_name>National Bureau of Standards</institution_name>
                  <institution_acronym>NBS</institution_acronym>
                  <institution_place>Gaithersburg, MD</institution_place>
                </institution>
                <publisher_item>
                  <item_number item_number_type="report-number">NBS HB 28-1944</item_number>
                </publisher_item>
                <fr:program xmlns:fr="http://www.crossref.org/fundref.xsd" name="fundref">
                  <fr:assertion name="funder_name">
                    <fr:assertion name="funder_identifier">http://dx.doi.org/10.13039/error:</fr:assertion>
                  </fr:assertion>
                </fr:program>
                <doi_data>
                  <doi>10.6028/NBS.HB.28-1944</doi>
                  <resource>https://nvlpubs.nist.gov/nistpubs/Legacy/HB/1945/NBS.HB.28-1944.pdf</resource>
                </doi_data>
              </report-paper_metadata>
            </report-paper>
          
        </doi_record>
      </query>
      <query key="HB">
        <doi type="report-paper_title">10.6028/NBS.HB.28p11969</doi>
        <crm-item name="publisher-name" type="string">National Institute of Standards and Technology (NIST)</crm-item>
        <crm-item name="prefix-name" type="string">National Institute of Standards and Technology</crm-item>
        <crm-item name="member-id" type="number">4068</crm-item>
        <crm-item name="citation-id" type="number">97453524</crm-item>
        <crm-item name="book-id" type="number">3018168</crm-item>
        <crm-item name="deposit-timestamp" type="number">201803270927</crm-item>
        <crm-item name="owner-prefix" type="string">10.6028</crm-item>
        <crm-item name="last-update" type="date">2018-03-27T13:30:12Z</crm-item>
        <crm-item name="created" type="date">2018-03-27T13:05:55Z</crm-item>
        <crm-item name="citedby-count" type="number">0</crm-item>
        <doi_record>
          
            <report-paper>
              <report-paper_metadata>
                <contributors>
                  <organization sequence="first" contributor_role="author">United States Interdepartmental Screw Thread Committee</organization>
                </contributors>
                <titles>
                  <title>Screw thread standards for federal services; part I: unified, UNJ, unified miniature screw threads</title>
                </titles>
                <publication_date media_type="online">
                  <year>1970</year>
                </publication_date>
                <publisher>
                  <publisher_name>National Bureau of Standards</publisher_name>
                  <publisher_place>Gaithersburg, MD</publisher_place>
                </publisher>
                <institution>
                  <institution_name>National Bureau of Standards</institution_name>
                  <institution_acronym>NBS</institution_acronym>
                  <institution_place>Gaithersburg, MD</institution_place>
                </institution>
                <publisher_item>
                  <item_number item_number_type="report-number">NBS HB 28 p1 1969</item_number>
                </publisher_item>
                <fr:program xmlns:fr="http://www.crossref.org/fundref.xsd" name="fundref">
                  <fr:assertion name="funder_name">
                    <fr:assertion name="funder_identifier">http://dx.doi.org/10.13039/error:</fr:assertion>
                  </fr:assertion>
                </fr:program>
                <doi_data>
                  <doi>10.6028/NBS.HB.28p11969</doi>
                  <resource>https://nvlpubs.nist.gov/nistpubs/Legacy/HB/1970/NBS.HB.28p11969.pdf</resource>
                </doi_data>
              </report-paper_metadata>
            </report-paper>
          
        </doi_record>
      </query>
      <query key="HB">
        <doi type="report-paper_title">10.6028/NBS.HB.28supp1949</doi>
        <crm-item name="publisher-name" type="string">National Institute of Standards and Technology (NIST)</crm-item>
        <crm-item name="prefix-name" type="string">National Institute of Standards and Technology</crm-item>
        <crm-item name="member-id" type="number">4068</crm-item>
        <crm-item name="citation-id" type="number">97453517</crm-item>
        <crm-item name="book-id" type="number">3018161</crm-item>
        <crm-item name="deposit-timestamp" type="number">201803270927</crm-item>
        <crm-item name="owner-prefix" type="string">10.6028</crm-item>
        <crm-item name="last-update" type="date">2018-03-27T13:30:07Z</crm-item>
        <crm-item name="created" type="date">2018-03-27T13:05:55Z</crm-item>
        <crm-item name="citedby-count" type="number">0</crm-item>
        <doi_record>
          
            <report-paper>
              <report-paper_metadata>
                <contributors>
                  <organization sequence="first" contributor_role="author">United States Interdepartmental Screw Thread Committee</organization>
                </contributors>
                <titles>
                  <title>Supplement to screw-thread standards for federal services 1944</title>
                </titles>
                <publication_date media_type="online">
                  <year>1949</year>
                </publication_date>
                <publisher>
                  <publisher_name>National Bureau of Standards</publisher_name>
                  <publisher_place>Gaithersburg, MD</publisher_place>
                </publisher>
                <institution>
                  <institution_name>National Bureau of Standards</institution_name>
                  <institution_acronym>NBS</institution_acronym>
                  <institution_place>Gaithersburg, MD</institution_place>
                </institution>
                <publisher_item>
                  <item_number item_number_type="report-number">NBS HB 28 supp1949</item_number>
                </publisher_item>
                <fr:program xmlns:fr="http://www.crossref.org/fundref.xsd" name="fundref">
                  <fr:assertion name="funder_name">
                    <fr:assertion name="funder_identifier">http://dx.doi.org/10.13039/error:</fr:assertion>
                  </fr:assertion>
                </fr:program>
                <doi_data>
                  <doi>10.6028/NBS.HB.28supp1949</doi>
                  <resource>https://nvlpubs.nist.gov/nistpubs/Legacy/HB/1949/NBS.HB.28supp1949.pdf</resource>
                </doi_data>
              </report-paper_metadata>
            </report-paper>
          
        </doi_record>
      </query>
      <query key="HB">
        <doi type="report-paper_title">10.6028/NBS.HB.28supp1950</doi>
        <crm-item name="publisher-name" type="string">National Institute of Standards and Technology (NIST)</crm-item>
        <crm-item name="prefix-name" type="string">National Institute of Standards and Technology</crm-item>
        <crm-item name="member-id" type="number">4068</crm-item>
        <crm-item name="citation-id" type="number">97453519</crm-item>
        <crm-item name="book-id" type="number">3018163</crm-item>
        <crm-item name="deposit-timestamp" type="number">201803270927</crm-item>
        <crm-item name="owner-prefix" type="string">10.6028</crm-item>
        <crm-item name="last-update" type="date">2018-03-27T13:30:08Z</crm-item>
        <crm-item name="created" type="date">2018-03-27T13:05:55Z</crm-item>
        <crm-item name="citedby-count" type="number">0</crm-item>
        <doi_record>
          
            <report-paper>
              <report-paper_metadata>
                <contributors>
                  <organization sequence="first" contributor_role="author">United States Interdepartmental Screw Thread Committee</organization>
                </contributors>
                <titles>
                  <title>1950 supplement to screw-thread standards for federal services 1944</title>
                </titles>
                <publication_date media_type="online">
                  <year>1951</year>
                </publication_date>
                <publisher>
                  <publisher_name>National Bureau of Standards</publisher_name>
                  <publisher_place>Gaithersburg, MD</publisher_place>
                </publisher>
                <institution>
                  <institution_name>National Bureau of Standards</institution_name>
                  <institution_acronym>NBS</institution_acronym>
                  <institution_place>Gaithersburg, MD</institution_place>
                </institution>
                <publisher_item>
                  <item_number item_number_type="report-number">NBS HB 28 supp1950</item_number>
                </publisher_item>
                <fr:program xmlns:fr="http://www.crossref.org/fundref.xsd" name="fundref">
                  <fr:assertion name="funder_name">
                    <fr:assertion name="funder_identifier">http://dx.doi.org/10.13039/error:</fr:assertion>
                  </fr:assertion>
                </fr:program>
                <doi_data>
                  <doi>10.6028/NBS.HB.28supp1950</doi>
                  <resource>https://nvlpubs.nist.gov/nistpubs/Legacy/HB/1951/NBS.HB.28supp1950.pdf</resource>
                </doi_data>
              </report-paper_metadata>
            </report-paper>
          
        </doi_record>
      </query>
      <query key="HB">
        <doi type="report-paper_title">10.6028/NBS.HB.28supp1957pt1</doi>
        <crm-item name="publisher-name" type="string">National Institute of Standards and Technology (NIST)</crm-item>
        <crm-item name="prefix-name" type="string">National Institute of Standards and Technology</crm-item>
        <crm-item name="member-id" type="number">4068</crm-item>
        <crm-item name="citation-id" type="number">97453520</crm-item>
        <crm-item name="book-id" type="number">3018164</crm-item>
        <crm-item name="deposit-timestamp" type="number">201803270927</crm-item>
        <crm-item name="owner-prefix" type="string">10.6028</crm-item>
        <crm-item name="last-update" type="date">2018-03-27T13:30:10Z</crm-item>
        <crm-item name="created" type="date">2018-03-27T13:05:55Z</crm-item>
        <crm-item name="citedby-count" type="number">0</crm-item>
        <doi_record>
          
            <report-paper>
              <report-paper_metadata>
                <contributors>
                  <organization sequence="first" contributor_role="author">United States Interdepartmental Screw Thread Committee</organization>
                </contributors>
                <titles>
                  <title>Screw-thread standards for federal services 1957. Part I: unified, American, American national, and national miniature threads</title>
                </titles>
                <publication_date media_type="online">
                  <year>1957</year>
                </publication_date>
                <publisher>
                  <publisher_name>National Bureau of Standards</publisher_name>
                  <publisher_place>Gaithersburg, MD</publisher_place>
                </publisher>
                <institution>
                  <institution_name>National Bureau of Standards</institution_name>
                  <institution_acronym>NBS</institution_acronym>
                  <institution_place>Gaithersburg, MD</institution_place>
                </institution>
                <publisher_item>
                  <item_number item_number_type="report-number">NBS HB 28 supp1957 pt1</item_number>
                </publisher_item>
                <fr:program xmlns:fr="http://www.crossref.org/fundref.xsd" name="fundref">
                  <fr:assertion name="funder_name">
                    <fr:assertion name="funder_identifier">http://dx.doi.org/10.13039/error:</fr:assertion>
                  </fr:assertion>
                </fr:program>
                <doi_data>
                  <doi>10.6028/NBS.HB.28supp1957pt1</doi>
                  <resource>https://nvlpubs.nist.gov/nistpubs/Legacy/HB/1957/NBS.HB.28supp1957pt1.pdf</resource>
                </doi_data>
              </report-paper_metadata>
            </report-paper>
          
        </doi_record>
      </query>
      <query key="HB">
        <doi type="report-paper_title">10.6028/NBS.HB.28supp1957pt2</doi>
        <crm-item name="publisher-name" type="string">National Institute of Standards and Technology (NIST)</crm-item>
        <crm-item name="prefix-name" type="string">National Institute of Standards and Technology</crm-item>
        <crm-item name="member-id" type="number">4068</crm-item>
        <crm-item name="citation-id" type="number">97453521</crm-item>
        <crm-item name="book-id" type="number">3018165</crm-item>
        <crm-item name="deposit-timestamp" type="number">201803270927</crm-item>
        <crm-item name="owner-prefix" type="string">10.6028</crm-item>
        <crm-item name="last-update" type="date">2018-03-27T13:30:10Z</crm-item>
        <crm-item name="created" type="date">2018-03-27T13:05:55Z</crm-item>
        <crm-item name="citedby-count" type="number">0</crm-item>
        <doi_record>
          
            <report-paper>
              <report-paper_metadata>
                <contributors>
                  <organization sequence="first" contributor_role="author">United States Interdepartmental Screw Thread Committee</organization>
                </contributors>
                <titles>
                  <title>Screw-thread standards for federal services 1957. Part II: pipe threads, including dryseal pipe threads; gas cylinder valve outlet and inlet threads; hose coupling, including fire-hose coupling threads; and hose connections for welding and cutting equipment</title>
                </titles>
                <publication_date media_type="online">
                  <year>1959</year>
                </publication_date>
                <publisher>
                  <publisher_name>National Bureau of Standards</publisher_name>
                  <publisher_place>Gaithersburg, MD</publisher_place>
                </publisher>
                <institution>
                  <institution_name>National Bureau of Standards</institution_name>
                  <institution_acronym>NBS</institution_acronym>
                  <institution_place>Gaithersburg, MD</institution_place>
                </institution>
                <publisher_item>
                  <item_number item_number_type="report-number">NBS HB 28 supp1957 pt2</item_number>
                </publisher_item>
                <fr:program xmlns:fr="http://www.crossref.org/fundref.xsd" name="fundref">
                  <fr:assertion name="funder_name">
                    <fr:assertion name="funder_identifier">http://dx.doi.org/10.13039/error:</fr:assertion>
                  </fr:assertion>
                </fr:program>
                <doi_data>
                  <doi>10.6028/NBS.HB.28supp1957pt2</doi>
                  <resource>https://nvlpubs.nist.gov/nistpubs/Legacy/HB/1959/NBS.HB.28supp1957pt2.pdf</resource>
                </doi_data>
              </report-paper_metadata>
            </report-paper>
          
        </doi_record>
      </query>
      <query key="HB">
        <doi type="report-paper_title">10.6028/NBS.HB.28supp1957pt3</doi>
        <crm-item name="publisher-name" type="string">National Institute of Standards and Technology (NIST)</crm-item>
        <crm-item name="prefix-name" type="string">National Institute of Standards and Technology</crm-item>
        <crm-item name="member-id" type="number">4068</crm-item>
        <crm-item name="citation-id" type="number">97453522</crm-item>
        <crm-item name="book-id" type="number">3018166</crm-item>
        <crm-item name="deposit-timestamp" type="number">201803270927</crm-item>
        <crm-item name="owner-prefix" type="string">10.6028</crm-item>
        <crm-item name="last-update" type="date">2018-03-27T13:30:11Z</crm-item>
        <crm-item name="created" type="date">2018-03-27T13:05:55Z</crm-item>
        <crm-item name="citedby-count" type="number">0</crm-item>
        <doi_record>
          
            <report-paper>
              <report-paper_metadata>
                <contributors>
                  <organization sequence="first" contributor_role="author">United States Interdepartmental Screw Thread Committee</organization>
                </contributors>
                <titles>
                  <title>Screw-thread standards for federal services 1957. Part III: Acme, stub Acme, and buttress threads, rolled threads for screw shells of electric lamp holders and unassembled lamp bases, microscope objective and nosepiece threads, surveying instrument mounting threads, photographic equipment threads, ISO metric threads; miscellaneous threads, class 5 interference-fit threads, trial standard, wrench openings</title>
                </titles>
                <publication_date media_type="online">
                  <year>1960</year>
                </publication_date>
                <publisher>
                  <publisher_name>National Bureau of Standards</publisher_name>
                  <publisher_place>Gaithersburg, MD</publisher_place>
                </publisher>
                <institution>
                  <institution_name>National Bureau of Standards</institution_name>
                  <institution_acronym>NBS</institution_acronym>
                  <institution_place>Gaithersburg, MD</institution_place>
                </institution>
                <publisher_item>
                  <item_number item_number_type="report-number">NBS HB 28 supp1957 pt3</item_number>
                </publisher_item>
                <fr:program xmlns:fr="http://www.crossref.org/fundref.xsd" name="fundref">
                  <fr:assertion name="funder_name">
                    <fr:assertion name="funder_identifier">http://dx.doi.org/10.13039/error:</fr:assertion>
                  </fr:assertion>
                </fr:program>
                <doi_data>
                  <doi>10.6028/NBS.HB.28supp1957pt3</doi>
                  <resource>https://nvlpubs.nist.gov/nistpubs/Legacy/HB/1960/NBS.HB.28supp1957pt3.pdf</resource>
                </doi_data>
              </report-paper_metadata>
            </report-paper>
        </doi_record>
      </query>
      <query key="IR">
        <doi type="report-paper_title">10.6028/NIST.IR.8218</doi>
        <crm-item name="publisher-name" type="string">National Institute of Standards and Technology (NIST)</crm-item>
        <crm-item name="prefix-name" type="string">National Institute of Standards and Technology</crm-item>
        <crm-item name="member-id" type="number">4068</crm-item>
        <crm-item name="citation-id" type="number">100045710</crm-item>
        <crm-item name="book-id" type="number">3089992</crm-item>
        <crm-item name="deposit-timestamp" type="number">201807171156</crm-item>
        <crm-item name="owner-prefix" type="string">10.6028</crm-item>
        <crm-item name="last-update" type="date">2018-07-17T15:57:25Z</crm-item>
        <crm-item name="created" type="date">2018-07-17T15:57:24Z</crm-item>
        <crm-item name="citedby-count" type="number">0</crm-item>
        <doi_record>
            <report-paper>
              <report-paper_metadata>
                <contributors>
                  <person_name sequence="first" contributor_role="author">
                    <given_name>Jin Chu</given_name>
                    <surname>Wu</surname>
                  </person_name>
                  <person_name sequence="additional" contributor_role="author">
                    <given_name>Alvin F</given_name>
                    <surname>Martin</surname>
                  </person_name>
                  <person_name sequence="additional" contributor_role="author">
                    <given_name>Gregory A</given_name>
                    <surname>Sanders</surname>
                  </person_name>
                  <person_name sequence="additional" contributor_role="author">
                    <given_name>Raghu N</given_name>
                    <surname>Kacker</surname>
                  </person_name>
                </contributors>
                <titles>
                  <title>Bootstrap method versus analytical approach for estimating uncertainty of measures in ROC analysis on large datasets</title>
                </titles>
                <publication_date media_type="online">
                  <month>07</month>
                  <year>2018</year>
                </publication_date>
                <publisher>
                  <publisher_name>National Institute of Standards and Technology</publisher_name>
                  <publisher_place>Gaithersburg, MD</publisher_place>
                </publisher>
                <institution>
                  <institution_name>National Institute of Standards and Technology</institution_name>
                  <institution_acronym>NIST</institution_acronym>
                  <institution_place>Gaithersburg, MD</institution_place>
                  <institution_department>Information Technology Laboratory</institution_department>
                </institution>
                <publisher_item>
                  <item_number item_number_type="report-number">NIST IR 8218</item_number>
                </publisher_item>
                <fr:program xmlns:fr="http://www.crossref.org/fundref.xsd" name="fundref">
                  <fr:assertion name="funder_name">
                    Information Technology Laboratory
                    <fr:assertion name="funder_identifier">https://doi.org/10.13039/100007764</fr:assertion>
                  </fr:assertion>
                </fr:program>
                <doi_data>
                  <doi>10.6028/NIST.IR.8218</doi>
                  <resource>https://nvlpubs.nist.gov/nistpubs/ir/2018/NIST.IR.8218.pdf</resource>
                </doi_data>
              </report-paper_metadata>
            </report-paper>
        </doi_record>
      </query>
      <query key="TN">
        <doi type="report-paper_title">10.6028/NIST.TN.1297-1993</doi>
        <crm-item name="publisher-name" type="string">National Institute of Standards and Technology (NIST)</crm-item>
        <crm-item name="prefix-name" type="string">National Institute of Standards and Technology</crm-item>
        <crm-item name="member-id" type="number">4068</crm-item>
        <crm-item name="citation-id" type="number">100045711</crm-item>
        <crm-item name="book-id" type="number">1321918</crm-item>
        <crm-item name="deposit-timestamp" type="number">201807171156</crm-item>
        <crm-item name="owner-prefix" type="string">10.6028</crm-item>
        <crm-item name="last-update" type="date">2018-07-17T15:57:26Z</crm-item>
        <crm-item name="created" type="date">2018-07-17T15:57:24Z</crm-item>
        <crm-item name="citedby-count" type="number">0</crm-item>
        <doi_record>
          
            <report-paper>
              <report-paper_metadata>
                <contributors>
                  <person_name sequence="first" contributor_role="author">
                    <given_name>Barry N</given_name>
                    <surname>Taylor</surname>
                  </person_name>
                  <person_name sequence="additional" contributor_role="author">
                    <given_name>Chris E</given_name>
                    <surname>Kuyatt</surname>
                  </person_name>
                </contributors>
                <titles>
                  <title>Guidelines for evaluating and expressing the uncertainty of NIST measurement results</title>
                </titles>
                <publication_date media_type="online">
                  <month>01</month>
                  <year>2018</year>
                </publication_date>
                <publisher>
                  <publisher_name>National Institute of Standards and Technology</publisher_name>
                  <publisher_place>Gaithersburg, MD</publisher_place>
                </publisher>
                <institution>
                  <institution_name>National Institute of Standards and Technology</institution_name>
                  <institution_acronym>NIST</institution_acronym>
                  <institution_place>Gaithersburg, MD</institution_place>
                  <institution_department>Physical Measurement Laboratory.</institution_department>
                </institution>
                <publisher_item>
                  <item_number item_number_type="report-number">NIST TN 1297</item_number>
                </publisher_item>
                <fr:program xmlns:fr="http://www.crossref.org/fundref.xsd" name="fundref">
                  <fr:assertion name="funder_name">
                    Physical Measurement Laboratory
                    <fr:assertion name="funder_identifier">https://doi.org/10.13039/100007769</fr:assertion>
                  </fr:assertion>
                </fr:program>
                <doi_data>
                  <doi>10.6028/NIST.TN.1297-1993</doi>
                  <resource>https://nvlpubs.nist.gov/nistpubs/Legacy/TN/nbstechnicalnote1297-1993.pdf</resource>
                </doi_data>
              </report-paper_metadata>
            </report-paper>
          
        </doi_record>
      </query>
      <query key="TN">
        <doi type="report-paper_title">10.6028/NIST.TN.1999</doi>
        <crm-item name="publisher-name" type="string">National Institute of Standards and Technology (NIST)</crm-item>
        <crm-item name="prefix-name" type="string">National Institute of Standards and Technology</crm-item>
        <crm-item name="member-id" type="number">4068</crm-item>
        <crm-item name="citation-id" type="number">100095416</crm-item>
        <crm-item name="book-id" type="number">3090879</crm-item>
        <crm-item name="deposit-timestamp" type="number">201807191344</crm-item>
        <crm-item name="owner-prefix" type="string">10.6028</crm-item>
        <crm-item name="last-update" type="date">2018-07-19T17:45:40Z</crm-item>
        <crm-item name="created" type="date">2018-07-19T17:45:40Z</crm-item>
        <crm-item name="citedby-count" type="number">0</crm-item>
        <doi_record>
          
            <report-paper>
              <report-paper_metadata>
                <contributors>
                  <person_name sequence="first" contributor_role="author">
                    <given_name>Joshua</given_name>
                    <surname>Kneifel</surname>
                  </person_name>
                  <person_name sequence="additional" contributor_role="author">
                    <given_name>Eric</given_name>
                    <surname>O'Rear</surname>
                  </person_name>
                  <person_name sequence="additional" contributor_role="author">
                    <given_name>David</given_name>
                    <surname>Webb</surname>
                  </person_name>
                  <person_name sequence="additional" contributor_role="author">
                    <given_name>Anne Landfield</given_name>
                    <surname>Greig</surname>
                  </person_name>
                  <person_name sequence="additional" contributor_role="author">
                    <given_name>Sangwon</given_name>
                    <surname>Suh</surname>
                  </person_name>
                </contributors>
                <titles>
                  <title>Building industry reporting and design for sustainability (BIRDS) building code-based residential database technical manual: update</title>
                </titles>
                <publication_date media_type="online">
                  <month>07</month>
                  <year>2018</year>
                </publication_date>
                <publisher>
                  <publisher_name>National Institute of Standards and Technology</publisher_name>
                  <publisher_place>Gaithersburg, MD</publisher_place>
                </publisher>
                <institution>
                  <institution_name>National Institute of Standards and Technology</institution_name>
                  <institution_acronym>NIST</institution_acronym>
                  <institution_place>Gaithersburg, MD</institution_place>
                  <institution_department>Engineering Laboratory</institution_department>
                </institution>
                <publisher_item>
                  <item_number item_number_type="report-number">NIST TN 1999</item_number>
                </publisher_item>
                <fr:program xmlns:fr="http://www.crossref.org/fundref.xsd" name="fundref">
                  <fr:assertion name="funder_name">
                    Engineering Laboratory
                    <fr:assertion name="funder_identifier">https://doi.org/10.13039/100007763</fr:assertion>
                  </fr:assertion>
                </fr:program>
                <doi_data>
                  <doi>10.6028/NIST.TN.1999</doi>
                  <resource>https://nvlpubs.nist.gov/nistpubs/TechnicalNotes/NIST.TN.1999.pdf</resource>
                </doi_data>
              </report-paper_metadata>
            </report-paper>
          
        </doi_record>
      </query>
      <query key="TN">
        <doi type="report-paper_title">10.6028/NIST.TN.2003</doi>
        <crm-item name="publisher-name" type="string">National Institute of Standards and Technology (NIST)</crm-item>
        <crm-item name="prefix-name" type="string">National Institute of Standards and Technology</crm-item>
        <crm-item name="member-id" type="number">4068</crm-item>
        <crm-item name="citation-id" type="number">100168612</crm-item>
        <crm-item name="book-id" type="number">3093524</crm-item>
        <crm-item name="deposit-timestamp" type="number">201807231640</crm-item>
        <crm-item name="owner-prefix" type="string">10.6028</crm-item>
        <crm-item name="last-update" type="date">2018-07-23T20:41:17Z</crm-item>
        <crm-item name="created" type="date">2018-07-23T20:41:17Z</crm-item>
        <crm-item name="citedby-count" type="number">0</crm-item>
        <doi_record>
          
            <report-paper>
              <report-paper_metadata>
                <contributors>
                  <person_name sequence="first" contributor_role="author">
                    <given_name>Joshua</given_name>
                    <surname>Kneifel</surname>
                  </person_name>
                  <person_name sequence="additional" contributor_role="author">
                    <given_name>Eric</given_name>
                    <surname>O'Rear</surname>
                  </person_name>
                  <person_name sequence="additional" contributor_role="author">
                    <given_name>Priya</given_name>
                    <surname>Lavappa</surname>
                  </person_name>
                  <person_name sequence="additional" contributor_role="author">
                    <given_name>Anne Landfield</given_name>
                    <surname>Greig</surname>
                  </person_name>
                  <person_name sequence="additional" contributor_role="author">
                    <given_name>Sangwon</given_name>
                    <surname>Suh</surname>
                  </person_name>
                </contributors>
                <titles>
                  <title>Building industry reporting and design for sustainability (BIRDS) low-energy residential incremental energy efficiency improvements database technical manual: update</title>
                </titles>
                <publication_date media_type="online">
                  <month>07</month>
                  <year>2018</year>
                </publication_date>
                <publisher>
                  <publisher_name>National Institute of Standards and Technology</publisher_name>
                  <publisher_place>Gaithersburg, MD</publisher_place>
                </publisher>
                <institution>
                  <institution_name>National Institute of Standards and Technology</institution_name>
                  <institution_acronym>NIST</institution_acronym>
                  <institution_place>Gaithersburg, MD</institution_place>
                  <institution_department>Engineering Laboratory</institution_department>
                </institution>
                <publisher_item>
                  <item_number item_number_type="report-number">NIST TN 2003</item_number>
                </publisher_item>
                <fr:program xmlns:fr="http://www.crossref.org/fundref.xsd" name="fundref">
                  <fr:assertion name="funder_name">
                    Engineering Laboratory
                    <fr:assertion name="funder_identifier">https://doi.org/10.13039/100007763</fr:assertion>
                  </fr:assertion>
                </fr:program>
                <doi_data>
                  <doi>10.6028/NIST.TN.2003</doi>
                  <resource>https://nvlpubs.nist.gov/nistpubs/TechnicalNotes/NIST.TN.2003.pdf</resource>
                </doi_data>
              </report-paper_metadata>
            </report-paper>
          
        </doi_record>
      </query>
      <query key="IR">
        <doi type="report-paper_title">10.6028/NIST.IR.8220</doi>
        <crm-item name="publisher-name" type="string">National Institute of Standards and Technology (NIST)</crm-item>
        <crm-item name="prefix-name" type="string">National Institute of Standards and Technology</crm-item>
        <crm-item name="member-id" type="number">4068</crm-item>
        <crm-item name="citation-id" type="number">100168613</crm-item>
        <crm-item name="book-id" type="number">3093525</crm-item>
        <crm-item name="deposit-timestamp" type="number">201807231640</crm-item>
        <crm-item name="owner-prefix" type="string">10.6028</crm-item>
        <crm-item name="last-update" type="date">2018-07-23T20:41:18Z</crm-item>
        <crm-item name="created" type="date">2018-07-23T20:41:17Z</crm-item>
        <crm-item name="citedby-count" type="number">0</crm-item>
        <doi_record>
          
            <report-paper>
              <report-paper_metadata>
                <contributors>
                  <person_name sequence="first" contributor_role="author">
                    <given_name>Fernando J</given_name>
                    <surname>Cintron</surname>
                  </person_name>
                </contributors>
                <titles>
                  <title>Performance evaluation of LTE device-to-device out-of-coverage communication with frequency hopping resource scheduling</title>
                </titles>
                <publication_date media_type="online">
                  <month>07</month>
                  <year>2018</year>
                </publication_date>
                <publisher>
                  <publisher_name>National Institute of Standards and Technology</publisher_name>
                  <publisher_place>Gaithersburg, MD</publisher_place>
                </publisher>
                <institution>
                  <institution_name>National Institute of Standards and Technology</institution_name>
                  <institution_acronym>NIST</institution_acronym>
                  <institution_place>Gaithersburg, MD</institution_place>
                  <institution_department>Communications Technology Laboratory</institution_department>
                </institution>
                <publisher_item>
                  <item_number item_number_type="report-number">NIST IR 8220</item_number>
                </publisher_item>
                <fr:program xmlns:fr="http://www.crossref.org/fundref.xsd" name="fundref">
                  <fr:assertion name="funder_name">
                    Communications Technology Laboratory
                    <fr:assertion name="funder_identifier">https://doi.org/10.13039/100007762H</fr:assertion>
                  </fr:assertion>
                </fr:program>
                <doi_data>
                  <doi>10.6028/NIST.IR.8220</doi>
                  <resource>https://nvlpubs.nist.gov/nistpubs/ir/2018/NIST.IR.8220.pdf</resource>
                </doi_data>
              </report-paper_metadata>
            </report-paper>
          
        </doi_record>
      </query>
      <query key="TN">
        <doi type="report-paper_title">10.6028/NIST.TN.2004</doi>
        <crm-item name="publisher-name" type="string">National Institute of Standards and Technology (NIST)</crm-item>
        <crm-item name="prefix-name" type="string">National Institute of Standards and Technology</crm-item>
        <crm-item name="member-id" type="number">4068</crm-item>
        <crm-item name="citation-id" type="number">100271641</crm-item>
        <crm-item name="book-id" type="number">3095397</crm-item>
        <crm-item name="deposit-timestamp" type="number">201807271434</crm-item>
        <crm-item name="owner-prefix" type="string">10.6028</crm-item>
        <crm-item name="last-update" type="date">2018-07-27T18:38:34Z</crm-item>
        <crm-item name="created" type="date">2018-07-27T18:38:34Z</crm-item>
        <crm-item name="citedby-count" type="number">0</crm-item>
        <doi_record>
          
            <report-paper>
              <report-paper_metadata>
                <contributors>
                  <person_name sequence="first" contributor_role="author">
                    <given_name>W Stuart</given_name>
                    <surname>Dols</surname>
                  </person_name>
                  <person_name sequence="additional" contributor_role="author">
                    <given_name>Andrew K</given_name>
                    <surname>Persily</surname>
                  </person_name>
                  <person_name sequence="additional" contributor_role="author">
                    <given_name>Brian J</given_name>
                    <surname>Polidoro</surname>
                  </person_name>
                </contributors>
                <titles>
                  <title>Development of CPSC nano-particle modeling tools</title>
                </titles>
                <publication_date media_type="online">
                  <month>07</month>
                  <year>2018</year>
                </publication_date>
                <publisher>
                  <publisher_name>National Institute of Standards and Technology</publisher_name>
                  <publisher_place>Gaithersburg, MD</publisher_place>
                </publisher>
                <institution>
                  <institution_name>National Institute of Standards and Technology</institution_name>
                  <institution_acronym>NIST</institution_acronym>
                  <institution_place>Gaithersburg, MD</institution_place>
                  <institution_department>Engineering Laboratory</institution_department>
                </institution>
                <publisher_item>
                  <item_number item_number_type="report-number">NIST TN 2004</item_number>
                </publisher_item>
                <fr:program xmlns:fr="http://www.crossref.org/fundref.xsd" name="fundref">
                  <fr:assertion name="funder_name">
                    Engineering Laboratory
                    <fr:assertion name="funder_identifier">https://doi.org/10.13039/100007763</fr:assertion>
                  </fr:assertion>
                </fr:program>
                <doi_data>
                  <doi>10.6028/NIST.TN.2004</doi>
                  <resource>https://nvlpubs.nist.gov/nistpubs/TechnicalNotes/NIST.TN.2004.pdf</resource>
                </doi_data>
              </report-paper_metadata>
            </report-paper>
          
        </doi_record>
      </query>
      <query key="IR">
        <doi type="report-paper_title">10.6028/NIST.IR.7880-38</doi>
        <crm-item name="publisher-name" type="string">National Institute of Standards and Technology (NIST)</crm-item>
        <crm-item name="prefix-name" type="string">National Institute of Standards and Technology</crm-item>
        <crm-item name="member-id" type="number">4068</crm-item>
        <crm-item name="citation-id" type="number">100271644</crm-item>
        <crm-item name="book-id" type="number">3095398</crm-item>
        <crm-item name="deposit-timestamp" type="number">201807271434</crm-item>
        <crm-item name="owner-prefix" type="string">10.6028</crm-item>
        <crm-item name="last-update" type="date">2018-07-27T18:38:35Z</crm-item>
        <crm-item name="created" type="date">2018-07-27T18:38:34Z</crm-item>
        <crm-item name="citedby-count" type="number">0</crm-item>
        <doi_record>
          
            <report-paper>
              <report-paper_metadata>
                <contributors>
                  <person_name sequence="first" contributor_role="author">
                    <given_name>Neal E</given_name>
                    <surname>Craft</surname>
                  </person_name>
                  <person_name sequence="additional" contributor_role="author">
                    <given_name>David L</given_name>
                    <surname>Duewer</surname>
                  </person_name>
                  <person_name sequence="additional" contributor_role="author">
                    <given_name>Margaret C</given_name>
                    <surname>Kline</surname>
                  </person_name>
                  <person_name sequence="additional" contributor_role="author">
                    <given_name>Robert C</given_name>
                    <surname>Paule</surname>
                  </person_name>
                  <person_name sequence="additional" contributor_role="author">
                    <given_name>Fillmer C</given_name>
                    <surname>Ruegg</surname>
                  </person_name>
                  <person_name sequence="additional" contributor_role="author">
                    <given_name>Robert</given_name>
                    <surname>Schaffer</surname>
                  </person_name>
                  <person_name sequence="additional" contributor_role="author">
                    <given_name>Emil</given_name>
                    <surname>Schonberger</surname>
                  </person_name>
                  <person_name sequence="additional" contributor_role="author">
                    <given_name>Jeanice B</given_name>
                    <surname>Thomas</surname>
                  </person_name>
                </contributors>
                <titles>
                  <title>NIST micronutrients measurement quality assurance program: spring and fall 1986 comparability studies results for round robins VII and VIII fat soluble vitamins and carotenoids in human serum</title>
                </titles>
                <publication_date media_type="online">
                  <month>07</month>
                  <year>2018</year>
                </publication_date>
                <publisher>
                  <publisher_name>National Institute of Standards and Technology</publisher_name>
                  <publisher_place>Gaithersburg, MD</publisher_place>
                </publisher>
                <institution>
                  <institution_name>National Institute of Standards and Technology</institution_name>
                  <institution_acronym>NIST</institution_acronym>
                  <institution_place>Gaithersburg, MD</institution_place>
                  <institution_department>Material Measurement Laboratory</institution_department>
                  <institution_department>Information Technology Laboratory</institution_department>
                </institution>
                <publisher_item>
                  <item_number item_number_type="report-number">NIST IR 7880-38</item_number>
                </publisher_item>
                <fr:program xmlns:fr="http://www.crossref.org/fundref.xsd" name="fundref">
                  <fr:assertion name="funder_name">
                    Material Measurement Laboratory
                    <fr:assertion name="funder_identifier">https://doi.org/10.13039/100007767</fr:assertion>
                  </fr:assertion>
                  <fr:assertion name="funder_name">
                    Information Technology Laboratory
                    <fr:assertion name="funder_identifier">https://doi.org/10.13039/100007764R</fr:assertion>
                  </fr:assertion>
                </fr:program>
                <doi_data>
                  <doi>10.6028/NIST.IR.7880-38</doi>
                  <resource>https://nvlpubs.nist.gov/nistpubs/ir/2018/NIST.IR.7880-38.pdf</resource>
                </doi_data>
              </report-paper_metadata>
            </report-paper>
          
        </doi_record>
      </query>
      <query key="SP">
        <doi type="report-paper_title">10.6028/NIST.SP.500-305</doi>
        <crm-item name="publisher-name" type="string">National Institute of Standards and Technology (NIST)</crm-item>
        <crm-item name="prefix-name" type="string">National Institute of Standards and Technology</crm-item>
        <crm-item name="member-id" type="number">4068</crm-item>
        <crm-item name="citation-id" type="number">100271645</crm-item>
        <crm-item name="book-id" type="number">3095399</crm-item>
        <crm-item name="deposit-timestamp" type="number">201807271434</crm-item>
        <crm-item name="owner-prefix" type="string">10.6028</crm-item>
        <crm-item name="last-update" type="date">2018-07-27T18:38:36Z</crm-item>
        <crm-item name="created" type="date">2018-07-27T18:38:34Z</crm-item>
        <crm-item name="citedby-count" type="number">0</crm-item>
        <doi_record>
          
            <report-paper>
              <report-paper_metadata>
                <contributors>
                  <person_name sequence="first" contributor_role="author">
                    <given_name>John</given_name>
                    <surname>Libert</surname>
                  </person_name>
                  <person_name sequence="additional" contributor_role="author">
                    <given_name>John</given_name>
                    <surname>Grantham</surname>
                  </person_name>
                  <person_name sequence="additional" contributor_role="author">
                    <given_name>Bruce</given_name>
                    <surname>Bandini</surname>
                  </person_name>
                  <person_name sequence="additional" contributor_role="author">
                    <given_name>Stephen</given_name>
                    <surname>Wood</surname>
                  </person_name>
                  <person_name sequence="additional" contributor_role="author">
                    <given_name>Michael</given_name>
                    <surname>Garris</surname>
                  </person_name>
                  <person_name sequence="additional" contributor_role="author">
                    <given_name>Kenneth</given_name>
                    <surname>Ko</surname>
                  </person_name>
                  <person_name sequence="additional" contributor_role="author">
                    <given_name>Fred</given_name>
                    <surname>Byers</surname>
                  </person_name>
                  <person_name sequence="additional" contributor_role="author">
                    <given_name>Craig</given_name>
                    <surname>Watson</surname>
                  </person_name>
                </contributors>
                <titles>
                  <title>Guidance for evaluating contactless fingerprint acquisition devices</title>
                </titles>
                <publication_date media_type="online">
                  <month>07</month>
                  <year>2018</year>
                </publication_date>
                <publisher>
                  <publisher_name>National Institute of Standards and Technology</publisher_name>
                  <publisher_place>Gaithersburg, MD</publisher_place>
                </publisher>
                <institution>
                  <institution_name>National Institute of Standards and Technology</institution_name>
                  <institution_acronym>NIST</institution_acronym>
                  <institution_place>Gaithersburg, MD</institution_place>
                  <institution_department>Information Technology Laboratory</institution_department>
                </institution>
                <publisher_item>
                  <item_number item_number_type="report-number">NIST SP 500-305</item_number>
                </publisher_item>
                <fr:program xmlns:fr="http://www.crossref.org/fundref.xsd" name="fundref">
                  <fr:assertion name="funder_name">
                    Information Technology Laboratory
                    <fr:assertion name="funder_identifier">https://doi.org/10.13039/100007764</fr:assertion>
                  </fr:assertion>
                </fr:program>
                <doi_data>
                  <doi>10.6028/NIST.SP.500-305</doi>
                  <resource>https://nvlpubs.nist.gov/nistpubs/SpecialPublications/NIST.SP.500-305.pdf</resource>
                </doi_data>
              </report-paper_metadata>
            </report-paper>
          
        </doi_record>
      </query>
      <query key="IR">
        <doi type="report-paper_title">10.6028/NIST.IR.8216</doi>
        <crm-item name="publisher-name" type="string">National Institute of Standards and Technology (NIST)</crm-item>
        <crm-item name="prefix-name" type="string">National Institute of Standards and Technology</crm-item>
        <crm-item name="member-id" type="number">4068</crm-item>
        <crm-item name="citation-id" type="number">100327889</crm-item>
        <crm-item name="book-id" type="number">3096147</crm-item>
        <crm-item name="deposit-timestamp" type="number">201807311352</crm-item>
        <crm-item name="owner-prefix" type="string">10.6028</crm-item>
        <crm-item name="last-update" type="date">2018-07-31T19:42:34Z</crm-item>
        <crm-item name="created" type="date">2018-07-31T19:42:33Z</crm-item>
        <crm-item name="citedby-count" type="number">0</crm-item>
        <doi_record>
          
            <report-paper>
              <report-paper_metadata>
                <contributors>
                  <person_name sequence="first" contributor_role="author">
                    <given_name>Yee-Yin</given_name>
                    <surname>Choong</surname>
                  </person_name>
                  <person_name sequence="additional" contributor_role="author">
                    <given_name>Shanee</given_name>
                    <surname>Dawkins</surname>
                  </person_name>
                  <person_name sequence="additional" contributor_role="author">
                    <given_name>Susanne</given_name>
                    <surname>Furman</surname>
                  </person_name>
                  <person_name sequence="additional" contributor_role="author">
                    <given_name>Kristen K</given_name>
                    <surname>Greene</surname>
                  </person_name>
                  <person_name sequence="additional" contributor_role="author">
                    <given_name>Sandra Spickard</given_name>
                    <surname>Prettyman</surname>
                  </person_name>
                  <person_name sequence="additional" contributor_role="author">
                    <given_name>Mary F</given_name>
                    <surname>Theofanos</surname>
                  </person_name>
                </contributors>
                <titles>
                  <title>Voices of first responders - identifying public safety communication problems: findings from user-centered interviews, phase 1, volume 1</title>
                </titles>
                <publication_date media_type="online">
                  <month>07</month>
                  <year>2018</year>
                </publication_date>
                <publisher>
                  <publisher_name>National Institute of Standards and Technology</publisher_name>
                  <publisher_place>Gaithersburg, MD</publisher_place>
                </publisher>
                <institution>
                  <institution_name>National Institute of Standards and Technology</institution_name>
                  <institution_acronym>NIST</institution_acronym>
                  <institution_place>Gaithersburg, MD</institution_place>
                  <institution_department>Information Technology Laboratory</institution_department>
                  <institution_department>Material Measurement Laboratory</institution_department>
                </institution>
                <publisher_item>
                  <item_number item_number_type="report-number">NIST IR 8216</item_number>
                </publisher_item>
                <fr:program xmlns:fr="http://www.crossref.org/fundref.xsd" name="fundref">
                  <fr:assertion name="funder_name">
                    Information Technology Laboratory
                    <fr:assertion name="funder_identifier">https://doi.org/10.13039/100007764R</fr:assertion>
                  </fr:assertion>
                  <fr:assertion name="funder_name">
                    Material Measurement Laboratory
                    <fr:assertion name="funder_identifier">https://doi.org/10.13039/100007767</fr:assertion>
                  </fr:assertion>
                </fr:program>
                <doi_data>
                  <doi>10.6028/NIST.IR.8216</doi>
                  <resource>https://nvlpubs.nist.gov/nistpubs/ir/2018/NIST.IR.8216.pdf</resource>
                </doi_data>
              </report-paper_metadata>
            </report-paper>
          
        </doi_record>
      </query>
      <query key="IR">
        <doi type="report-paper_title">10.6028/NIST.IR.8205-07</doi>
        <crm-item name="publisher-name" type="string">National Institute of Standards and Technology (NIST)</crm-item>
        <crm-item name="prefix-name" type="string">National Institute of Standards and Technology</crm-item>
        <crm-item name="member-id" type="number">4068</crm-item>
        <crm-item name="citation-id" type="number">100441598</crm-item>
        <crm-item name="book-id" type="number">3099611</crm-item>
        <crm-item name="deposit-timestamp" type="number">201808061542</crm-item>
        <crm-item name="owner-prefix" type="string">10.6028</crm-item>
        <crm-item name="last-update" type="date">2018-08-06T19:43:57Z</crm-item>
        <crm-item name="created" type="date">2018-08-06T19:43:57Z</crm-item>
        <crm-item name="citedby-count" type="number">0</crm-item>
        <doi_record>
          
            <report-paper>
              <report-paper_metadata>
                <contributors>
                  <person_name sequence="first" contributor_role="author">
                    <given_name>Kathryn</given_name>
                    <surname>Stephenson</surname>
                  </person_name>
                </contributors>
                <titles>
                  <title>NIST time and frequency bulletin - July</title>
                </titles>
                <publication_date media_type="online">
                  <month>07</month>
                  <year>2018</year>
                </publication_date>
                <publisher>
                  <publisher_name>National Institute of Standards and Technology</publisher_name>
                  <publisher_place>Gaithersburg, MD</publisher_place>
                </publisher>
                <institution>
                  <institution_name>National Institute of Standards and Technology</institution_name>
                  <institution_acronym>NIST</institution_acronym>
                  <institution_place>Gaithersburg, MD</institution_place>
                  <institution_department>Physical Measurement Laboratory</institution_department>
                </institution>
                <publisher_item>
                  <item_number item_number_type="report-number">NIST IR 8205-07</item_number>
                </publisher_item>
                <fr:program xmlns:fr="http://www.crossref.org/fundref.xsd" name="fundref">
                  <fr:assertion name="funder_name">
                    Physical Measurement Laboratory
                    <fr:assertion name="funder_identifier">https://doi.org/10.13039/100007769</fr:assertion>
                  </fr:assertion>
                </fr:program>
                <doi_data>
                  <doi>10.6028/NIST.IR.8205-07</doi>
                  <resource>https://nvlpubs.nist.gov/nistpubs/ir/2018/NIST.IR.8205-07.pdf</resource>
                </doi_data>
              </report-paper_metadata>
            </report-paper>
        </doi_record>
      </query>   
</body>
